{"total": {"lines":{"total":470,"covered":118,"skipped":0,"pct":25.1},"statements":{"total":486,"covered":118,"skipped":0,"pct":24.27},"functions":{"total":203,"covered":28,"skipped":0,"pct":13.79},"branches":{"total":296,"covered":44,"skipped":0,"pct":14.86},"branchesTrue":{"total":0,"covered":0,"skipped":0,"pct":100}}
,"C:\\Users\\jenishs\\OneDrive - Autodesk\\Desktop\\Test\\sjs\\Pro\\test\\Auro_Connect\\frontend\\src\\App.jsx": {"lines":{"total":10,"covered":3,"skipped":0,"pct":30},"functions":{"total":2,"covered":1,"skipped":0,"pct":50},"statements":{"total":10,"covered":3,"skipped":0,"pct":30},"branches":{"total":26,"covered":10,"skipped":0,"pct":38.46}}
,"C:\\Users\\jenishs\\OneDrive - Autodesk\\Desktop\\Test\\sjs\\Pro\\test\\Auro_Connect\\frontend\\src\\components\\AboutSection.jsx": {"lines":{"total":9,"covered":1,"skipped":0,"pct":11.11},"functions":{"total":4,"covered":0,"skipped":0,"pct":0},"statements":{"total":9,"covered":1,"skipped":0,"pct":11.11},"branches":{"total":6,"covered":0,"skipped":0,"pct":0}}
,"C:\\Users\\jenishs\\OneDrive - Autodesk\\Desktop\\Test\\sjs\\Pro\\test\\Auro_Connect\\frontend\\src\\components\\Calender.jsx": {"lines":{"total":30,"covered":2,"skipped":0,"pct":6.66},"functions":{"total":10,"covered":0,"skipped":0,"pct":0},"statements":{"total":31,"covered":2,"skipped":0,"pct":6.45},"branches":{"total":16,"covered":0,"skipped":0,"pct":0}}
,"C:\\Users\\jenishs\\OneDrive - Autodesk\\Desktop\\Test\\sjs\\Pro\\test\\Auro_Connect\\frontend\\src\\components\\CurrentContest.jsx": {"lines":{"total":11,"covered":6,"skipped":0,"pct":54.54},"functions":{"total":5,"covered":1,"skipped":0,"pct":20},"statements":{"total":11,"covered":6,"skipped":0,"pct":54.54},"branches":{"total":16,"covered":4,"skipped":0,"pct":25}}
,"C:\\Users\\jenishs\\OneDrive - Autodesk\\Desktop\\Test\\sjs\\Pro\\test\\Auro_Connect\\frontend\\src\\components\\EducationSection.jsx": {"lines":{"total":21,"covered":1,"skipped":0,"pct":4.76},"functions":{"total":12,"covered":0,"skipped":0,"pct":0},"statements":{"total":22,"covered":1,"skipped":0,"pct":4.54},"branches":{"total":17,"covered":0,"skipped":0,"pct":0}}
,"C:\\Users\\jenishs\\OneDrive - Autodesk\\Desktop\\Test\\sjs\\Pro\\test\\Auro_Connect\\frontend\\src\\components\\ExperienceSection.jsx": {"lines":{"total":24,"covered":1,"skipped":0,"pct":4.16},"functions":{"total":14,"covered":0,"skipped":0,"pct":0},"statements":{"total":25,"covered":1,"skipped":0,"pct":4},"branches":{"total":21,"covered":0,"skipped":0,"pct":0}}
,"C:\\Users\\jenishs\\OneDrive - Autodesk\\Desktop\\Test\\sjs\\Pro\\test\\Auro_Connect\\frontend\\src\\components\\FriendRequest.jsx": {"lines":{"total":15,"covered":7,"skipped":0,"pct":46.66},"functions":{"total":9,"covered":3,"skipped":0,"pct":33.33},"statements":{"total":15,"covered":7,"skipped":0,"pct":46.66},"branches":{"total":2,"covered":2,"skipped":0,"pct":100}}
,"C:\\Users\\jenishs\\OneDrive - Autodesk\\Desktop\\Test\\sjs\\Pro\\test\\Auro_Connect\\frontend\\src\\components\\Post.jsx": {"lines":{"total":39,"covered":16,"skipped":0,"pct":41.02},"functions":{"total":15,"covered":1,"skipped":0,"pct":6.66},"statements":{"total":41,"covered":16,"skipped":0,"pct":39.02},"branches":{"total":26,"covered":8,"skipped":0,"pct":30.76}}
,"C:\\Users\\jenishs\\OneDrive - Autodesk\\Desktop\\Test\\sjs\\Pro\\test\\Auro_Connect\\frontend\\src\\components\\PostAction.jsx": {"lines":{"total":1,"covered":1,"skipped":0,"pct":100},"functions":{"total":1,"covered":1,"skipped":0,"pct":100},"statements":{"total":1,"covered":1,"skipped":0,"pct":100},"branches":{"total":0,"covered":0,"skipped":0,"pct":100}}
,"C:\\Users\\jenishs\\OneDrive - Autodesk\\Desktop\\Test\\sjs\\Pro\\test\\Auro_Connect\\frontend\\src\\components\\PostCreation.jsx": {"lines":{"total":36,"covered":11,"skipped":0,"pct":30.55},"functions":{"total":11,"covered":1,"skipped":0,"pct":9.09},"statements":{"total":38,"covered":11,"skipped":0,"pct":28.94},"branches":{"total":12,"covered":3,"skipped":0,"pct":25}}
,"C:\\Users\\jenishs\\OneDrive - Autodesk\\Desktop\\Test\\sjs\\Pro\\test\\Auro_Connect\\frontend\\src\\components\\ProfileHeader.jsx": {"lines":{"total":62,"covered":1,"skipped":0,"pct":1.61},"functions":{"total":29,"covered":0,"skipped":0,"pct":0},"statements":{"total":66,"covered":1,"skipped":0,"pct":1.51},"branches":{"total":44,"covered":0,"skipped":0,"pct":0}}
,"C:\\Users\\jenishs\\OneDrive - Autodesk\\Desktop\\Test\\sjs\\Pro\\test\\Auro_Connect\\frontend\\src\\components\\RecommendedUser.jsx": {"lines":{"total":33,"covered":12,"skipped":0,"pct":36.36},"functions":{"total":15,"covered":2,"skipped":0,"pct":13.33},"statements":{"total":33,"covered":12,"skipped":0,"pct":36.36},"branches":{"total":16,"covered":3,"skipped":0,"pct":18.75}}
,"C:\\Users\\jenishs\\OneDrive - Autodesk\\Desktop\\Test\\sjs\\Pro\\test\\Auro_Connect\\frontend\\src\\components\\Sidebar.jsx": {"lines":{"total":1,"covered":1,"skipped":0,"pct":100},"functions":{"total":1,"covered":1,"skipped":0,"pct":100},"statements":{"total":1,"covered":1,"skipped":0,"pct":100},"branches":{"total":4,"covered":2,"skipped":0,"pct":50}}
,"C:\\Users\\jenishs\\OneDrive - Autodesk\\Desktop\\Test\\sjs\\Pro\\test\\Auro_Connect\\frontend\\src\\components\\SkillsSection.jsx": {"lines":{"total":18,"covered":1,"skipped":0,"pct":5.55},"functions":{"total":9,"covered":0,"skipped":0,"pct":0},"statements":{"total":19,"covered":1,"skipped":0,"pct":5.26},"branches":{"total":14,"covered":0,"skipped":0,"pct":0}}
,"C:\\Users\\jenishs\\OneDrive - Autodesk\\Desktop\\Test\\sjs\\Pro\\test\\Auro_Connect\\frontend\\src\\components\\UserCard.jsx": {"lines":{"total":1,"covered":1,"skipped":0,"pct":100},"functions":{"total":1,"covered":1,"skipped":0,"pct":100},"statements":{"total":1,"covered":1,"skipped":0,"pct":100},"branches":{"total":4,"covered":4,"skipped":0,"pct":100}}
,"C:\\Users\\jenishs\\OneDrive - Autodesk\\Desktop\\Test\\sjs\\Pro\\test\\Auro_Connect\\frontend\\src\\components\\WishList.jsx": {"lines":{"total":23,"covered":1,"skipped":0,"pct":4.34},"functions":{"total":8,"covered":0,"skipped":0,"pct":0},"statements":{"total":23,"covered":1,"skipped":0,"pct":4.34},"branches":{"total":12,"covered":0,"skipped":0,"pct":0}}
,"C:\\Users\\jenishs\\OneDrive - Autodesk\\Desktop\\Test\\sjs\\Pro\\test\\Auro_Connect\\frontend\\src\\components\\auth\\LoginForm.jsx": {"lines":{"total":14,"covered":9,"skipped":0,"pct":64.28},"functions":{"total":7,"covered":3,"skipped":0,"pct":42.85},"statements":{"total":14,"covered":9,"skipped":0,"pct":64.28},"branches":{"total":4,"covered":1,"skipped":0,"pct":25}}
,"C:\\Users\\jenishs\\OneDrive - Autodesk\\Desktop\\Test\\sjs\\Pro\\test\\Auro_Connect\\frontend\\src\\components\\auth\\SignUpForm.jsx": {"lines":{"total":20,"covered":15,"skipped":0,"pct":75},"functions":{"total":9,"covered":6,"skipped":0,"pct":66.66},"statements":{"total":20,"covered":15,"skipped":0,"pct":75},"branches":{"total":4,"covered":1,"skipped":0,"pct":25}}
,"C:\\Users\\jenishs\\OneDrive - Autodesk\\Desktop\\Test\\sjs\\Pro\\test\\Auro_Connect\\frontend\\src\\components\\layout\\Layout.jsx": {"lines":{"total":2,"covered":2,"skipped":0,"pct":100},"functions":{"total":1,"covered":1,"skipped":0,"pct":100},"statements":{"total":2,"covered":2,"skipped":0,"pct":100},"branches":{"total":0,"covered":0,"skipped":0,"pct":100}}
,"C:\\Users\\jenishs\\OneDrive - Autodesk\\Desktop\\Test\\sjs\\Pro\\test\\Auro_Connect\\frontend\\src\\components\\layout\\Navbar.jsx": {"lines":{"total":15,"covered":9,"skipped":0,"pct":60},"functions":{"total":7,"covered":1,"skipped":0,"pct":14.28},"statements":{"total":15,"covered":9,"skipped":0,"pct":60},"branches":{"total":6,"covered":3,"skipped":0,"pct":50}}
,"C:\\Users\\jenishs\\OneDrive - Autodesk\\Desktop\\Test\\sjs\\Pro\\test\\Auro_Connect\\frontend\\src\\lib\\axios.js": {"lines":{"total":1,"covered":0,"skipped":0,"pct":0},"functions":{"total":0,"covered":0,"skipped":0,"pct":100},"statements":{"total":1,"covered":0,"skipped":0,"pct":0},"branches":{"total":2,"covered":0,"skipped":0,"pct":0}}
,"C:\\Users\\jenishs\\OneDrive - Autodesk\\Desktop\\Test\\sjs\\Pro\\test\\Auro_Connect\\frontend\\src\\pages\\ContestPage.jsx": {"lines":{"total":2,"covered":1,"skipped":0,"pct":50},"functions":{"total":1,"covered":0,"skipped":0,"pct":0},"statements":{"total":2,"covered":1,"skipped":0,"pct":50},"branches":{"total":0,"covered":0,"skipped":0,"pct":100}}
,"C:\\Users\\jenishs\\OneDrive - Autodesk\\Desktop\\Test\\sjs\\Pro\\test\\Auro_Connect\\frontend\\src\\pages\\HomePage.jsx": {"lines":{"total":11,"covered":7,"skipped":0,"pct":63.63},"functions":{"total":5,"covered":3,"skipped":0,"pct":60},"statements":{"total":11,"covered":7,"skipped":0,"pct":63.63},"branches":{"total":4,"covered":3,"skipped":0,"pct":75}}
,"C:\\Users\\jenishs\\OneDrive - Autodesk\\Desktop\\Test\\sjs\\Pro\\test\\Auro_Connect\\frontend\\src\\pages\\NetworkPage.jsx": {"lines":{"total":9,"covered":1,"skipped":0,"pct":11.11},"functions":{"total":5,"covered":0,"skipped":0,"pct":0},"statements":{"total":9,"covered":1,"skipped":0,"pct":11.11},"branches":{"total":4,"covered":0,"skipped":0,"pct":0}}
,"C:\\Users\\jenishs\\OneDrive - Autodesk\\Desktop\\Test\\sjs\\Pro\\test\\Auro_Connect\\frontend\\src\\pages\\NotificationsPage.jsx": {"lines":{"total":31,"covered":1,"skipped":0,"pct":3.22},"functions":{"total":12,"covered":0,"skipped":0,"pct":0},"statements":{"total":32,"covered":1,"skipped":0,"pct":3.12},"branches":{"total":24,"covered":0,"skipped":0,"pct":0}}
,"C:\\Users\\jenishs\\OneDrive - Autodesk\\Desktop\\Test\\sjs\\Pro\\test\\Auro_Connect\\frontend\\src\\pages\\PostPage.jsx": {"lines":{"total":8,"covered":1,"skipped":0,"pct":12.5},"functions":{"total":2,"covered":0,"skipped":0,"pct":0},"statements":{"total":10,"covered":1,"skipped":0,"pct":10},"branches":{"total":4,"covered":0,"skipped":0,"pct":0}}
,"C:\\Users\\jenishs\\OneDrive - Autodesk\\Desktop\\Test\\sjs\\Pro\\test\\Auro_Connect\\frontend\\src\\pages\\ProfilePage.jsx": {"lines":{"total":16,"covered":1,"skipped":0,"pct":6.25},"functions":{"total":5,"covered":0,"skipped":0,"pct":0},"statements":{"total":17,"covered":1,"skipped":0,"pct":5.88},"branches":{"total":6,"covered":0,"skipped":0,"pct":0}}
,"C:\\Users\\jenishs\\OneDrive - Autodesk\\Desktop\\Test\\sjs\\Pro\\test\\Auro_Connect\\frontend\\src\\pages\\auth\\LoginPage.jsx": {"lines":{"total":2,"covered":2,"skipped":0,"pct":100},"functions":{"total":1,"covered":1,"skipped":0,"pct":100},"statements":{"total":2,"covered":2,"skipped":0,"pct":100},"branches":{"total":0,"covered":0,"skipped":0,"pct":100}}
,"C:\\Users\\jenishs\\OneDrive - Autodesk\\Desktop\\Test\\sjs\\Pro\\test\\Auro_Connect\\frontend\\src\\pages\\auth\\SignUpPage.jsx": {"lines":{"total":2,"covered":2,"skipped":0,"pct":100},"functions":{"total":1,"covered":1,"skipped":0,"pct":100},"statements":{"total":2,"covered":2,"skipped":0,"pct":100},"branches":{"total":0,"covered":0,"skipped":0,"pct":100}}
,"C:\\Users\\jenishs\\OneDrive - Autodesk\\Desktop\\Test\\sjs\\Pro\\test\\Auro_Connect\\frontend\\src\\utils\\dateUtils.js": {"lines":{"total":3,"covered":1,"skipped":0,"pct":33.33},"functions":{"total":1,"covered":0,"skipped":0,"pct":0},"statements":{"total":3,"covered":1,"skipped":0,"pct":33.33},"branches":{"total":2,"covered":0,"skipped":0,"pct":0}}
}
