{"C:\\Users\\jenishs\\OneDrive - Autodesk\\Desktop\\Test\\sjs\\Pro\\test\\Auro_Connect\\frontend\\src\\App.jsx": {"path":"C:\\Users\\jenishs\\OneDrive - Autodesk\\Desktop\\Test\\sjs\\Pro\\test\\Auro_Connect\\frontend\\src\\App.jsx","statementMap":{"0":{"start":{"line":19,"column":39},"end":{"line":32,"column":3}},"1":{"start":{"line":22,"column":3},"end":{"line":30,"column":4}},"2":{"start":{"line":23,"column":16},"end":{"line":23,"column":51}},"3":{"start":{"line":24,"column":4},"end":{"line":24,"column":20}},"4":{"start":{"line":26,"column":4},"end":{"line":28,"column":5}},"5":{"start":{"line":27,"column":5},"end":{"line":27,"column":17}},"6":{"start":{"line":29,"column":4},"end":{"line":29,"column":69}},"7":{"start":{"line":34,"column":1},"end":{"line":40,"column":2}},"8":{"start":{"line":35,"column":2},"end":{"line":39,"column":4}},"9":{"start":{"line":42,"column":1},"end":{"line":87,"column":3}}},"fnMap":{"0":{"name":"App","decl":{"start":{"line":18,"column":9},"end":{"line":18,"column":12}},"loc":{"start":{"line":18,"column":15},"end":{"line":88,"column":1}},"line":18},"1":{"name":"(anonymous_1)","decl":{"start":{"line":21,"column":11},"end":{"line":21,"column":12}},"loc":{"start":{"line":21,"column":23},"end":{"line":31,"column":3}},"line":21}},"branchMap":{"0":{"loc":{"start":{"line":26,"column":4},"end":{"line":28,"column":5}},"type":"if","locations":[{"start":{"line":26,"column":4},"end":{"line":28,"column":5}},{"start":{},"end":{}}],"line":26},"1":{"loc":{"start":{"line":26,"column":8},"end":{"line":26,"column":51}},"type":"binary-expr","locations":[{"start":{"line":26,"column":8},"end":{"line":26,"column":20}},{"start":{"line":26,"column":24},"end":{"line":26,"column":51}}],"line":26},"2":{"loc":{"start":{"line":29,"column":16},"end":{"line":29,"column":67}},"type":"binary-expr","locations":[{"start":{"line":29,"column":16},"end":{"line":29,"column":41}},{"start":{"line":29,"column":45},"end":{"line":29,"column":67}}],"line":29},"3":{"loc":{"start":{"line":34,"column":1},"end":{"line":40,"column":2}},"type":"if","locations":[{"start":{"line":34,"column":1},"end":{"line":40,"column":2}},{"start":{},"end":{}}],"line":34},"4":{"loc":{"start":{"line":48,"column":14},"end":{"line":48,"column":66}},"type":"cond-expr","locations":[{"start":{"line":48,"column":25},"end":{"line":48,"column":37}},{"start":{"line":48,"column":40},"end":{"line":48,"column":66}}],"line":48},"5":{"loc":{"start":{"line":52,"column":14},"end":{"line":52,"column":64}},"type":"cond-expr","locations":[{"start":{"line":52,"column":26},"end":{"line":52,"column":40}},{"start":{"line":52,"column":43},"end":{"line":52,"column":64}}],"line":52},"6":{"loc":{"start":{"line":56,"column":14},"end":{"line":56,"column":63}},"type":"cond-expr","locations":[{"start":{"line":56,"column":26},"end":{"line":56,"column":39}},{"start":{"line":56,"column":42},"end":{"line":56,"column":63}}],"line":56},"7":{"loc":{"start":{"line":61,"column":6},"end":{"line":61,"column":67}},"type":"cond-expr","locations":[{"start":{"line":61,"column":17},"end":{"line":61,"column":38}},{"start":{"line":61,"column":41},"end":{"line":61,"column":67}}],"line":61},"8":{"loc":{"start":{"line":66,"column":14},"end":{"line":66,"column":69}},"type":"cond-expr","locations":[{"start":{"line":66,"column":25},"end":{"line":66,"column":40}},{"start":{"line":66,"column":43},"end":{"line":66,"column":69}}],"line":66},"9":{"loc":{"start":{"line":70,"column":14},"end":{"line":70,"column":66}},"type":"cond-expr","locations":[{"start":{"line":70,"column":25},"end":{"line":70,"column":37}},{"start":{"line":70,"column":40},"end":{"line":70,"column":66}}],"line":70},"10":{"loc":{"start":{"line":74,"column":14},"end":{"line":74,"column":69}},"type":"cond-expr","locations":[{"start":{"line":74,"column":25},"end":{"line":74,"column":40}},{"start":{"line":74,"column":43},"end":{"line":74,"column":69}}],"line":74},"11":{"loc":{"start":{"line":78,"column":14},"end":{"line":78,"column":69}},"type":"cond-expr","locations":[{"start":{"line":78,"column":25},"end":{"line":78,"column":40}},{"start":{"line":78,"column":43},"end":{"line":78,"column":69}}],"line":78},"12":{"loc":{"start":{"line":82,"column":14},"end":{"line":82,"column":66}},"type":"cond-expr","locations":[{"start":{"line":82,"column":25},"end":{"line":82,"column":37}},{"start":{"line":82,"column":40},"end":{"line":82,"column":66}}],"line":82}},"s":{"0":5,"1":0,"2":0,"3":0,"4":0,"5":0,"6":0,"7":5,"8":0,"9":5},"f":{"0":5,"1":0},"b":{"0":[0,0],"1":[0,0],"2":[0,0],"3":[0,5],"4":[5,0],"5":[0,5],"6":[0,5],"7":[5,0],"8":[5,0],"9":[5,0],"10":[5,0],"11":[5,0],"12":[5,0]},"_coverageSchema":"1a1c01bbd47fc00a2c39e90264f33305004495a9","hash":"4c9322ab3d66476b476519dcb88ea4cb3336d5d5"}
,"C:\\Users\\jenishs\\OneDrive - Autodesk\\Desktop\\Test\\sjs\\Pro\\test\\Auro_Connect\\frontend\\src\\components\\AboutSection.jsx": {"path":"C:\\Users\\jenishs\\OneDrive - Autodesk\\Desktop\\Test\\sjs\\Pro\\test\\Auro_Connect\\frontend\\src\\components\\AboutSection.jsx","statementMap":{"0":{"start":{"line":3,"column":21},"end":{"line":47,"column":1}},"1":{"start":{"line":4,"column":35},"end":{"line":4,"column":50}},"2":{"start":{"line":5,"column":27},"end":{"line":5,"column":57}},"3":{"start":{"line":7,"column":20},"end":{"line":10,"column":2}},"4":{"start":{"line":8,"column":2},"end":{"line":8,"column":22}},"5":{"start":{"line":9,"column":2},"end":{"line":9,"column":20}},"6":{"start":{"line":11,"column":1},"end":{"line":46,"column":3}},"7":{"start":{"line":20,"column":25},"end":{"line":20,"column":49}},"8":{"start":{"line":36,"column":23},"end":{"line":36,"column":41}}},"fnMap":{"0":{"name":"(anonymous_0)","decl":{"start":{"line":3,"column":21},"end":{"line":3,"column":22}},"loc":{"start":{"line":3,"column":61},"end":{"line":47,"column":1}},"line":3},"1":{"name":"(anonymous_1)","decl":{"start":{"line":7,"column":20},"end":{"line":7,"column":21}},"loc":{"start":{"line":7,"column":26},"end":{"line":10,"column":2}},"line":7},"2":{"name":"(anonymous_2)","decl":{"start":{"line":20,"column":18},"end":{"line":20,"column":19}},"loc":{"start":{"line":20,"column":25},"end":{"line":20,"column":49}},"line":20},"3":{"name":"(anonymous_3)","decl":{"start":{"line":36,"column":17},"end":{"line":36,"column":18}},"loc":{"start":{"line":36,"column":23},"end":{"line":36,"column":41}},"line":36}},"branchMap":{"0":{"loc":{"start":{"line":5,"column":36},"end":{"line":5,"column":56}},"type":"binary-expr","locations":[{"start":{"line":5,"column":36},"end":{"line":5,"column":50}},{"start":{"line":5,"column":54},"end":{"line":5,"column":56}}],"line":5},"1":{"loc":{"start":{"line":14,"column":4},"end":{"line":44,"column":4}},"type":"binary-expr","locations":[{"start":{"line":14,"column":4},"end":{"line":14,"column":16}},{"start":{"line":15,"column":4},"end":{"line":43,"column":7}}],"line":14},"2":{"loc":{"start":{"line":16,"column":6},"end":{"line":42,"column":6}},"type":"cond-expr","locations":[{"start":{"line":17,"column":6},"end":{"line":31,"column":9}},{"start":{"line":33,"column":6},"end":{"line":41,"column":9}}],"line":16}},"s":{"0":1,"1":0,"2":0,"3":0,"4":0,"5":0,"6":0,"7":0,"8":0},"f":{"0":0,"1":0,"2":0,"3":0},"b":{"0":[0,0],"1":[0,0],"2":[0,0]},"_coverageSchema":"1a1c01bbd47fc00a2c39e90264f33305004495a9","hash":"e8a728f00febef8c92020972555e5797231f6959"}
,"C:\\Users\\jenishs\\OneDrive - Autodesk\\Desktop\\Test\\sjs\\Pro\\test\\Auro_Connect\\frontend\\src\\components\\Calender.jsx": {"path":"C:\\Users\\jenishs\\OneDrive - Autodesk\\Desktop\\Test\\sjs\\Pro\\test\\Auro_Connect\\frontend\\src\\components\\Calender.jsx","statementMap":{"0":{"start":{"line":10,"column":18},"end":{"line":10,"column":41}},"1":{"start":{"line":12,"column":26},"end":{"line":162,"column":1}},"2":{"start":{"line":13,"column":43},"end":{"line":13,"column":57}},"3":{"start":{"line":14,"column":35},"end":{"line":14,"column":50}},"4":{"start":{"line":15,"column":21},"end":{"line":15,"column":37}},"5":{"start":{"line":20,"column":5},"end":{"line":22,"column":3}},"6":{"start":{"line":23,"column":36},"end":{"line":27,"column":3}},"7":{"start":{"line":25,"column":17},"end":{"line":25,"column":53}},"8":{"start":{"line":26,"column":24},"end":{"line":26,"column":37}},"9":{"start":{"line":29,"column":61},"end":{"line":44,"column":3}},"10":{"start":{"line":31,"column":20},"end":{"line":33,"column":5}},"11":{"start":{"line":34,"column":3},"end":{"line":34,"column":24}},"12":{"start":{"line":37,"column":3},"end":{"line":37,"column":64}},"13":{"start":{"line":38,"column":3},"end":{"line":38,"column":68}},"14":{"start":{"line":41,"column":3},"end":{"line":41,"column":49}},"15":{"start":{"line":42,"column":3},"end":{"line":42,"column":55}},"16":{"start":{"line":46,"column":26},"end":{"line":48,"column":2}},"17":{"start":{"line":47,"column":2},"end":{"line":47,"column":28}},"18":{"start":{"line":50,"column":1},"end":{"line":56,"column":2}},"19":{"start":{"line":51,"column":2},"end":{"line":55,"column":4}},"20":{"start":{"line":58,"column":1},"end":{"line":61,"column":4}},"21":{"start":{"line":59,"column":2},"end":{"line":61,"column":4}},"22":{"start":{"line":63,"column":16},"end":{"line":73,"column":4}},"23":{"start":{"line":63,"column":44},"end":{"line":73,"column":2}},"24":{"start":{"line":75,"column":27},"end":{"line":78,"column":2}},"25":{"start":{"line":76,"column":2},"end":{"line":76,"column":26}},"26":{"start":{"line":77,"column":2},"end":{"line":77,"column":21}},"27":{"start":{"line":80,"column":26},"end":{"line":83,"column":2}},"28":{"start":{"line":81,"column":2},"end":{"line":81,"column":22}},"29":{"start":{"line":82,"column":2},"end":{"line":82,"column":25}},"30":{"start":{"line":85,"column":1},"end":{"line":161,"column":3}}},"fnMap":{"0":{"name":"(anonymous_0)","decl":{"start":{"line":12,"column":26},"end":{"line":12,"column":27}},"loc":{"start":{"line":12,"column":32},"end":{"line":162,"column":1}},"line":12},"1":{"name":"(anonymous_1)","decl":{"start":{"line":25,"column":11},"end":{"line":25,"column":12}},"loc":{"start":{"line":25,"column":17},"end":{"line":25,"column":53}},"line":25},"2":{"name":"(anonymous_2)","decl":{"start":{"line":26,"column":10},"end":{"line":26,"column":11}},"loc":{"start":{"line":26,"column":24},"end":{"line":26,"column":37}},"line":26},"3":{"name":"(anonymous_3)","decl":{"start":{"line":30,"column":14},"end":{"line":30,"column":15}},"loc":{"start":{"line":30,"column":37},"end":{"line":35,"column":3}},"line":30},"4":{"name":"(anonymous_4)","decl":{"start":{"line":36,"column":13},"end":{"line":36,"column":14}},"loc":{"start":{"line":36,"column":23},"end":{"line":39,"column":3}},"line":36},"5":{"name":"(anonymous_5)","decl":{"start":{"line":40,"column":11},"end":{"line":40,"column":12}},"loc":{"start":{"line":40,"column":20},"end":{"line":43,"column":3}},"line":40},"6":{"name":"(anonymous_6)","decl":{"start":{"line":46,"column":26},"end":{"line":46,"column":27}},"loc":{"start":{"line":46,"column":33},"end":{"line":48,"column":2}},"line":46},"7":{"name":"(anonymous_7)","decl":{"start":{"line":63,"column":30},"end":{"line":63,"column":31}},"loc":{"start":{"line":63,"column":44},"end":{"line":73,"column":2}},"line":63},"8":{"name":"(anonymous_8)","decl":{"start":{"line":75,"column":27},"end":{"line":75,"column":28}},"loc":{"start":{"line":75,"column":38},"end":{"line":78,"column":2}},"line":75},"9":{"name":"(anonymous_9)","decl":{"start":{"line":80,"column":26},"end":{"line":80,"column":27}},"loc":{"start":{"line":80,"column":32},"end":{"line":83,"column":2}},"line":80}},"branchMap":{"0":{"loc":{"start":{"line":37,"column":17},"end":{"line":37,"column":62}},"type":"binary-expr","locations":[{"start":{"line":37,"column":17},"end":{"line":37,"column":30}},{"start":{"line":37,"column":34},"end":{"line":37,"column":62}}],"line":37},"1":{"loc":{"start":{"line":42,"column":15},"end":{"line":42,"column":53}},"type":"binary-expr","locations":[{"start":{"line":42,"column":15},"end":{"line":42,"column":26}},{"start":{"line":42,"column":30},"end":{"line":42,"column":53}}],"line":42},"2":{"loc":{"start":{"line":50,"column":1},"end":{"line":56,"column":2}},"type":"if","locations":[{"start":{"line":50,"column":1},"end":{"line":56,"column":2}},{"start":{},"end":{}}],"line":50},"3":{"loc":{"start":{"line":58,"column":1},"end":{"line":61,"column":4}},"type":"if","locations":[{"start":{"line":58,"column":1},"end":{"line":61,"column":4}},{"start":{},"end":{}}],"line":58},"4":{"loc":{"start":{"line":58,"column":5},"end":{"line":58,"column":23}},"type":"binary-expr","locations":[{"start":{"line":58,"column":5},"end":{"line":58,"column":10}},{"start":{"line":58,"column":14},"end":{"line":58,"column":23}}],"line":58},"5":{"loc":{"start":{"line":102,"column":4},"end":{"line":159,"column":4}},"type":"binary-expr","locations":[{"start":{"line":102,"column":4},"end":{"line":102,"column":13}},{"start":{"line":103,"column":4},"end":{"line":158,"column":10}}],"line":102},"6":{"loc":{"start":{"line":108,"column":7},"end":{"line":136,"column":7}},"type":"binary-expr","locations":[{"start":{"line":108,"column":7},"end":{"line":108,"column":20}},{"start":{"line":109,"column":7},"end":{"line":135,"column":13}}],"line":108},"7":{"loc":{"start":{"line":149,"column":10},"end":{"line":153,"column":10}},"type":"cond-expr","locations":[{"start":{"line":150,"column":10},"end":{"line":150,"column":55}},{"start":{"line":152,"column":10},"end":{"line":152,"column":20}}],"line":149}},"s":{"0":1,"1":1,"2":0,"3":0,"4":0,"5":0,"6":0,"7":0,"8":0,"9":0,"10":0,"11":0,"12":0,"13":0,"14":0,"15":0,"16":0,"17":0,"18":0,"19":0,"20":0,"21":0,"22":0,"23":0,"24":0,"25":0,"26":0,"27":0,"28":0,"29":0,"30":0},"f":{"0":0,"1":0,"2":0,"3":0,"4":0,"5":0,"6":0,"7":0,"8":0,"9":0},"b":{"0":[0,0],"1":[0,0],"2":[0,0],"3":[0,0],"4":[0,0],"5":[0,0],"6":[0,0],"7":[0,0]},"_coverageSchema":"1a1c01bbd47fc00a2c39e90264f33305004495a9","hash":"96ca25dea07cc3ff4242bb3580b153ffab763e9d"}
,"C:\\Users\\jenishs\\OneDrive - Autodesk\\Desktop\\Test\\sjs\\Pro\\test\\Auro_Connect\\frontend\\src\\components\\CurrentContest.jsx": {"path":"C:\\Users\\jenishs\\OneDrive - Autodesk\\Desktop\\Test\\sjs\\Pro\\test\\Auro_Connect\\frontend\\src\\components\\CurrentContest.jsx","statementMap":{"0":{"start":{"line":6,"column":23},"end":{"line":91,"column":1}},"1":{"start":{"line":7,"column":45},"end":{"line":11,"column":3}},"2":{"start":{"line":9,"column":17},"end":{"line":9,"column":62}},"3":{"start":{"line":10,"column":24},"end":{"line":10,"column":42}},"4":{"start":{"line":13,"column":35},"end":{"line":13,"column":50}},"5":{"start":{"line":15,"column":1},"end":{"line":19,"column":2}},"6":{"start":{"line":16,"column":2},"end":{"line":18,"column":4}},"7":{"start":{"line":21,"column":21},"end":{"line":23,"column":2}},"8":{"start":{"line":22,"column":2},"end":{"line":22,"column":27}},"9":{"start":{"line":25,"column":1},"end":{"line":90,"column":3}},"10":{"start":{"line":51,"column":9},"end":{"line":71,"column":15}}},"fnMap":{"0":{"name":"(anonymous_0)","decl":{"start":{"line":6,"column":23},"end":{"line":6,"column":24}},"loc":{"start":{"line":6,"column":29},"end":{"line":91,"column":1}},"line":6},"1":{"name":"(anonymous_1)","decl":{"start":{"line":9,"column":11},"end":{"line":9,"column":12}},"loc":{"start":{"line":9,"column":17},"end":{"line":9,"column":62}},"line":9},"2":{"name":"(anonymous_2)","decl":{"start":{"line":10,"column":10},"end":{"line":10,"column":11}},"loc":{"start":{"line":10,"column":24},"end":{"line":10,"column":42}},"line":10},"3":{"name":"(anonymous_3)","decl":{"start":{"line":21,"column":21},"end":{"line":21,"column":22}},"loc":{"start":{"line":21,"column":27},"end":{"line":23,"column":2}},"line":21},"4":{"name":"(anonymous_4)","decl":{"start":{"line":50,"column":17},"end":{"line":50,"column":18}},"loc":{"start":{"line":51,"column":9},"end":{"line":71,"column":15}},"line":51}},"branchMap":{"0":{"loc":{"start":{"line":15,"column":1},"end":{"line":19,"column":2}},"type":"if","locations":[{"start":{"line":15,"column":1},"end":{"line":19,"column":2}},{"start":{},"end":{}}],"line":15},"1":{"loc":{"start":{"line":33,"column":7},"end":{"line":33,"column":63}},"type":"cond-expr","locations":[{"start":{"line":33,"column":33},"end":{"line":33,"column":47}},{"start":{"line":33,"column":50},"end":{"line":33,"column":63}}],"line":33},"2":{"loc":{"start":{"line":33,"column":7},"end":{"line":33,"column":30}},"type":"binary-expr","locations":[{"start":{"line":33,"column":7},"end":{"line":33,"column":11}},{"start":{"line":33,"column":15},"end":{"line":33,"column":30}}],"line":33},"3":{"loc":{"start":{"line":39,"column":4},"end":{"line":88,"column":4}},"type":"binary-expr","locations":[{"start":{"line":39,"column":4},"end":{"line":39,"column":13}},{"start":{"line":40,"column":4},"end":{"line":87,"column":10}}],"line":39},"4":{"loc":{"start":{"line":43,"column":8},"end":{"line":45,"column":33}},"type":"cond-expr","locations":[{"start":{"line":44,"column":10},"end":{"line":44,"column":28}},{"start":{"line":45,"column":10},"end":{"line":45,"column":33}}],"line":43},"5":{"loc":{"start":{"line":43,"column":8},"end":{"line":43,"column":31}},"type":"binary-expr","locations":[{"start":{"line":43,"column":8},"end":{"line":43,"column":12}},{"start":{"line":43,"column":16},"end":{"line":43,"column":31}}],"line":43},"6":{"loc":{"start":{"line":49,"column":8},"end":{"line":77,"column":8}},"type":"cond-expr","locations":[{"start":{"line":50,"column":8},"end":{"line":72,"column":10}},{"start":{"line":74,"column":8},"end":{"line":76,"column":12}}],"line":49},"7":{"loc":{"start":{"line":49,"column":8},"end":{"line":49,"column":31}},"type":"binary-expr","locations":[{"start":{"line":49,"column":8},"end":{"line":49,"column":12}},{"start":{"line":49,"column":16},"end":{"line":49,"column":31}}],"line":49}},"s":{"0":2,"1":10,"2":0,"3":0,"4":10,"5":10,"6":0,"7":10,"8":0,"9":10,"10":0},"f":{"0":10,"1":0,"2":0,"3":0,"4":0},"b":{"0":[0,10],"1":[0,10],"2":[10,0],"3":[10,0],"4":[0,0],"5":[0,0],"6":[0,0],"7":[0,0]},"_coverageSchema":"1a1c01bbd47fc00a2c39e90264f33305004495a9","hash":"ec908db6d4f6d70fce792860ce2bff9fdf53c479"}
,"C:\\Users\\jenishs\\OneDrive - Autodesk\\Desktop\\Test\\sjs\\Pro\\test\\Auro_Connect\\frontend\\src\\components\\EducationSection.jsx": {"path":"C:\\Users\\jenishs\\OneDrive - Autodesk\\Desktop\\Test\\sjs\\Pro\\test\\Auro_Connect\\frontend\\src\\components\\EducationSection.jsx","statementMap":{"0":{"start":{"line":4,"column":25},"end":{"line":118,"column":1}},"1":{"start":{"line":5,"column":35},"end":{"line":5,"column":50}},"2":{"start":{"line":6,"column":37},"end":{"line":6,"column":71}},"3":{"start":{"line":7,"column":41},"end":{"line":12,"column":3}},"4":{"start":{"line":14,"column":28},"end":{"line":24,"column":2}},"5":{"start":{"line":15,"column":2},"end":{"line":23,"column":3}},"6":{"start":{"line":16,"column":3},"end":{"line":16,"column":48}},"7":{"start":{"line":17,"column":3},"end":{"line":22,"column":6}},"8":{"start":{"line":26,"column":31},"end":{"line":28,"column":2}},"9":{"start":{"line":27,"column":2},"end":{"line":27,"column":60}},"10":{"start":{"line":27,"column":43},"end":{"line":27,"column":57}},"11":{"start":{"line":30,"column":20},"end":{"line":33,"column":2}},"12":{"start":{"line":31,"column":2},"end":{"line":31,"column":36}},"13":{"start":{"line":32,"column":2},"end":{"line":32,"column":22}},"14":{"start":{"line":35,"column":1},"end":{"line":117,"column":3}},"15":{"start":{"line":39,"column":4},"end":{"line":55,"column":10}},"16":{"start":{"line":51,"column":29},"end":{"line":51,"column":59}},"17":{"start":{"line":63,"column":23},"end":{"line":63,"column":83}},"18":{"start":{"line":70,"column":23},"end":{"line":70,"column":89}},"19":{"start":{"line":77,"column":23},"end":{"line":77,"column":86}},"20":{"start":{"line":84,"column":23},"end":{"line":84,"column":84}},"21":{"start":{"line":108,"column":22},"end":{"line":108,"column":40}}},"fnMap":{"0":{"name":"(anonymous_0)","decl":{"start":{"line":4,"column":25},"end":{"line":4,"column":26}},"loc":{"start":{"line":4,"column":65},"end":{"line":118,"column":1}},"line":4},"1":{"name":"(anonymous_1)","decl":{"start":{"line":14,"column":28},"end":{"line":14,"column":29}},"loc":{"start":{"line":14,"column":34},"end":{"line":24,"column":2}},"line":14},"2":{"name":"(anonymous_2)","decl":{"start":{"line":26,"column":31},"end":{"line":26,"column":32}},"loc":{"start":{"line":26,"column":39},"end":{"line":28,"column":2}},"line":26},"3":{"name":"(anonymous_3)","decl":{"start":{"line":27,"column":34},"end":{"line":27,"column":35}},"loc":{"start":{"line":27,"column":43},"end":{"line":27,"column":57}},"line":27},"4":{"name":"(anonymous_4)","decl":{"start":{"line":30,"column":20},"end":{"line":30,"column":21}},"loc":{"start":{"line":30,"column":26},"end":{"line":33,"column":2}},"line":30},"5":{"name":"(anonymous_5)","decl":{"start":{"line":38,"column":19},"end":{"line":38,"column":20}},"loc":{"start":{"line":39,"column":4},"end":{"line":55,"column":10}},"line":39},"6":{"name":"(anonymous_6)","decl":{"start":{"line":51,"column":23},"end":{"line":51,"column":24}},"loc":{"start":{"line":51,"column":29},"end":{"line":51,"column":59}},"line":51},"7":{"name":"(anonymous_7)","decl":{"start":{"line":63,"column":16},"end":{"line":63,"column":17}},"loc":{"start":{"line":63,"column":23},"end":{"line":63,"column":83}},"line":63},"8":{"name":"(anonymous_8)","decl":{"start":{"line":70,"column":16},"end":{"line":70,"column":17}},"loc":{"start":{"line":70,"column":23},"end":{"line":70,"column":89}},"line":70},"9":{"name":"(anonymous_9)","decl":{"start":{"line":77,"column":16},"end":{"line":77,"column":17}},"loc":{"start":{"line":77,"column":23},"end":{"line":77,"column":86}},"line":77},"10":{"name":"(anonymous_10)","decl":{"start":{"line":84,"column":16},"end":{"line":84,"column":17}},"loc":{"start":{"line":84,"column":23},"end":{"line":84,"column":84}},"line":84},"11":{"name":"(anonymous_11)","decl":{"start":{"line":108,"column":16},"end":{"line":108,"column":17}},"loc":{"start":{"line":108,"column":22},"end":{"line":108,"column":40}},"line":108}},"branchMap":{"0":{"loc":{"start":{"line":6,"column":46},"end":{"line":6,"column":70}},"type":"binary-expr","locations":[{"start":{"line":6,"column":46},"end":{"line":6,"column":64}},{"start":{"line":6,"column":68},"end":{"line":6,"column":70}}],"line":6},"1":{"loc":{"start":{"line":15,"column":2},"end":{"line":23,"column":3}},"type":"if","locations":[{"start":{"line":15,"column":2},"end":{"line":23,"column":3}},{"start":{},"end":{}}],"line":15},"2":{"loc":{"start":{"line":15,"column":6},"end":{"line":15,"column":80}},"type":"binary-expr","locations":[{"start":{"line":15,"column":6},"end":{"line":15,"column":25}},{"start":{"line":15,"column":29},"end":{"line":15,"column":54}},{"start":{"line":15,"column":58},"end":{"line":15,"column":80}}],"line":15},"3":{"loc":{"start":{"line":46,"column":27},"end":{"line":46,"column":51}},"type":"binary-expr","locations":[{"start":{"line":46,"column":27},"end":{"line":46,"column":38}},{"start":{"line":46,"column":42},"end":{"line":46,"column":51}}],"line":46},"4":{"loc":{"start":{"line":50,"column":6},"end":{"line":54,"column":6}},"type":"binary-expr","locations":[{"start":{"line":50,"column":6},"end":{"line":50,"column":15}},{"start":{"line":51,"column":6},"end":{"line":53,"column":15}}],"line":50},"5":{"loc":{"start":{"line":57,"column":4},"end":{"line":94,"column":4}},"type":"binary-expr","locations":[{"start":{"line":57,"column":4},"end":{"line":57,"column":13}},{"start":{"line":58,"column":4},"end":{"line":93,"column":10}}],"line":57},"6":{"loc":{"start":{"line":96,"column":4},"end":{"line":115,"column":4}},"type":"binary-expr","locations":[{"start":{"line":96,"column":4},"end":{"line":96,"column":16}},{"start":{"line":97,"column":4},"end":{"line":114,"column":7}}],"line":96},"7":{"loc":{"start":{"line":98,"column":6},"end":{"line":113,"column":6}},"type":"cond-expr","locations":[{"start":{"line":99,"column":6},"end":{"line":105,"column":15}},{"start":{"line":107,"column":6},"end":{"line":112,"column":15}}],"line":98}},"s":{"0":1,"1":0,"2":0,"3":0,"4":0,"5":0,"6":0,"7":0,"8":0,"9":0,"10":0,"11":0,"12":0,"13":0,"14":0,"15":0,"16":0,"17":0,"18":0,"19":0,"20":0,"21":0},"f":{"0":0,"1":0,"2":0,"3":0,"4":0,"5":0,"6":0,"7":0,"8":0,"9":0,"10":0,"11":0},"b":{"0":[0,0],"1":[0,0],"2":[0,0,0],"3":[0,0],"4":[0,0],"5":[0,0],"6":[0,0],"7":[0,0]},"_coverageSchema":"1a1c01bbd47fc00a2c39e90264f33305004495a9","hash":"cd730d2417682c1e1c448224cc7ed982efcda107"}
,"C:\\Users\\jenishs\\OneDrive - Autodesk\\Desktop\\Test\\sjs\\Pro\\test\\Auro_Connect\\frontend\\src\\components\\ExperienceSection.jsx": {"path":"C:\\Users\\jenishs\\OneDrive - Autodesk\\Desktop\\Test\\sjs\\Pro\\test\\Auro_Connect\\frontend\\src\\components\\ExperienceSection.jsx","statementMap":{"0":{"start":{"line":5,"column":26},"end":{"line":168,"column":1}},"1":{"start":{"line":6,"column":35},"end":{"line":6,"column":50}},"2":{"start":{"line":7,"column":39},"end":{"line":7,"column":74}},"3":{"start":{"line":8,"column":43},"end":{"line":15,"column":3}},"4":{"start":{"line":17,"column":29},"end":{"line":34,"column":2}},"5":{"start":{"line":18,"column":2},"end":{"line":33,"column":3}},"6":{"start":{"line":23,"column":3},"end":{"line":23,"column":51}},"7":{"start":{"line":25,"column":3},"end":{"line":32,"column":6}},"8":{"start":{"line":36,"column":32},"end":{"line":38,"column":2}},"9":{"start":{"line":37,"column":2},"end":{"line":37,"column":62}},"10":{"start":{"line":37,"column":45},"end":{"line":37,"column":59}},"11":{"start":{"line":40,"column":20},"end":{"line":43,"column":2}},"12":{"start":{"line":41,"column":2},"end":{"line":41,"column":38}},"13":{"start":{"line":42,"column":2},"end":{"line":42,"column":22}},"14":{"start":{"line":45,"column":38},"end":{"line":51,"column":2}},"15":{"start":{"line":46,"column":2},"end":{"line":50,"column":5}},"16":{"start":{"line":53,"column":1},"end":{"line":167,"column":3}},"17":{"start":{"line":57,"column":4},"end":{"line":77,"column":10}},"18":{"start":{"line":72,"column":22},"end":{"line":72,"column":53}},"19":{"start":{"line":87,"column":7},"end":{"line":87,"column":68}},"20":{"start":{"line":96,"column":7},"end":{"line":96,"column":70}},"21":{"start":{"line":105,"column":7},"end":{"line":105,"column":72}},"22":{"start":{"line":125,"column":8},"end":{"line":125,"column":71}},"23":{"start":{"line":134,"column":7},"end":{"line":137,"column":9}},"24":{"start":{"line":159,"column":22},"end":{"line":159,"column":40}}},"fnMap":{"0":{"name":"(anonymous_0)","decl":{"start":{"line":5,"column":26},"end":{"line":5,"column":27}},"loc":{"start":{"line":5,"column":66},"end":{"line":168,"column":1}},"line":5},"1":{"name":"(anonymous_1)","decl":{"start":{"line":17,"column":29},"end":{"line":17,"column":30}},"loc":{"start":{"line":17,"column":35},"end":{"line":34,"column":2}},"line":17},"2":{"name":"(anonymous_2)","decl":{"start":{"line":36,"column":32},"end":{"line":36,"column":33}},"loc":{"start":{"line":36,"column":40},"end":{"line":38,"column":2}},"line":36},"3":{"name":"(anonymous_3)","decl":{"start":{"line":37,"column":36},"end":{"line":37,"column":37}},"loc":{"start":{"line":37,"column":45},"end":{"line":37,"column":59}},"line":37},"4":{"name":"(anonymous_4)","decl":{"start":{"line":40,"column":20},"end":{"line":40,"column":21}},"loc":{"start":{"line":40,"column":26},"end":{"line":43,"column":2}},"line":40},"5":{"name":"(anonymous_5)","decl":{"start":{"line":45,"column":38},"end":{"line":45,"column":39}},"loc":{"start":{"line":45,"column":45},"end":{"line":51,"column":2}},"line":45},"6":{"name":"(anonymous_6)","decl":{"start":{"line":56,"column":20},"end":{"line":56,"column":21}},"loc":{"start":{"line":57,"column":4},"end":{"line":77,"column":10}},"line":57},"7":{"name":"(anonymous_7)","decl":{"start":{"line":72,"column":16},"end":{"line":72,"column":17}},"loc":{"start":{"line":72,"column":22},"end":{"line":72,"column":53}},"line":72},"8":{"name":"(anonymous_8)","decl":{"start":{"line":86,"column":16},"end":{"line":86,"column":17}},"loc":{"start":{"line":87,"column":7},"end":{"line":87,"column":68}},"line":87},"9":{"name":"(anonymous_9)","decl":{"start":{"line":95,"column":16},"end":{"line":95,"column":17}},"loc":{"start":{"line":96,"column":7},"end":{"line":96,"column":70}},"line":96},"10":{"name":"(anonymous_10)","decl":{"start":{"line":104,"column":16},"end":{"line":104,"column":17}},"loc":{"start":{"line":105,"column":7},"end":{"line":105,"column":72}},"line":105},"11":{"name":"(anonymous_11)","decl":{"start":{"line":124,"column":17},"end":{"line":124,"column":18}},"loc":{"start":{"line":125,"column":8},"end":{"line":125,"column":71}},"line":125},"12":{"name":"(anonymous_12)","decl":{"start":{"line":133,"column":16},"end":{"line":133,"column":17}},"loc":{"start":{"line":134,"column":7},"end":{"line":137,"column":9}},"line":134},"13":{"name":"(anonymous_13)","decl":{"start":{"line":159,"column":16},"end":{"line":159,"column":17}},"loc":{"start":{"line":159,"column":22},"end":{"line":159,"column":40}},"line":159}},"branchMap":{"0":{"loc":{"start":{"line":7,"column":48},"end":{"line":7,"column":73}},"type":"binary-expr","locations":[{"start":{"line":7,"column":48},"end":{"line":7,"column":67}},{"start":{"line":7,"column":71},"end":{"line":7,"column":73}}],"line":7},"1":{"loc":{"start":{"line":18,"column":2},"end":{"line":33,"column":3}},"type":"if","locations":[{"start":{"line":18,"column":2},"end":{"line":33,"column":3}},{"start":{},"end":{}}],"line":18},"2":{"loc":{"start":{"line":19,"column":3},"end":{"line":21,"column":26}},"type":"binary-expr","locations":[{"start":{"line":19,"column":3},"end":{"line":19,"column":22}},{"start":{"line":20,"column":3},"end":{"line":20,"column":24}},{"start":{"line":21,"column":3},"end":{"line":21,"column":26}}],"line":19},"3":{"loc":{"start":{"line":49,"column":12},"end":{"line":49,"column":57}},"type":"cond-expr","locations":[{"start":{"line":49,"column":31},"end":{"line":49,"column":33}},{"start":{"line":49,"column":36},"end":{"line":49,"column":57}}],"line":49},"4":{"loc":{"start":{"line":65,"column":9},"end":{"line":65,"column":58}},"type":"cond-expr","locations":[{"start":{"line":65,"column":23},"end":{"line":65,"column":46}},{"start":{"line":65,"column":49},"end":{"line":65,"column":58}}],"line":65},"5":{"loc":{"start":{"line":70,"column":6},"end":{"line":76,"column":6}},"type":"binary-expr","locations":[{"start":{"line":70,"column":6},"end":{"line":70,"column":15}},{"start":{"line":71,"column":6},"end":{"line":75,"column":15}}],"line":70},"6":{"loc":{"start":{"line":80,"column":4},"end":{"line":147,"column":4}},"type":"binary-expr","locations":[{"start":{"line":80,"column":4},"end":{"line":80,"column":13}},{"start":{"line":81,"column":4},"end":{"line":146,"column":10}}],"line":80},"7":{"loc":{"start":{"line":119,"column":6},"end":{"line":129,"column":6}},"type":"binary-expr","locations":[{"start":{"line":119,"column":6},"end":{"line":119,"column":37}},{"start":{"line":120,"column":6},"end":{"line":128,"column":8}}],"line":119},"8":{"loc":{"start":{"line":149,"column":4},"end":{"line":165,"column":4}},"type":"binary-expr","locations":[{"start":{"line":149,"column":4},"end":{"line":149,"column":16}},{"start":{"line":150,"column":4},"end":{"line":164,"column":7}}],"line":149},"9":{"loc":{"start":{"line":151,"column":6},"end":{"line":163,"column":6}},"type":"cond-expr","locations":[{"start":{"line":152,"column":6},"end":{"line":156,"column":15}},{"start":{"line":158,"column":6},"end":{"line":162,"column":15}}],"line":151}},"s":{"0":1,"1":0,"2":0,"3":0,"4":0,"5":0,"6":0,"7":0,"8":0,"9":0,"10":0,"11":0,"12":0,"13":0,"14":0,"15":0,"16":0,"17":0,"18":0,"19":0,"20":0,"21":0,"22":0,"23":0,"24":0},"f":{"0":0,"1":0,"2":0,"3":0,"4":0,"5":0,"6":0,"7":0,"8":0,"9":0,"10":0,"11":0,"12":0,"13":0},"b":{"0":[0,0],"1":[0,0],"2":[0,0,0],"3":[0,0],"4":[0,0],"5":[0,0],"6":[0,0],"7":[0,0],"8":[0,0],"9":[0,0]},"_coverageSchema":"1a1c01bbd47fc00a2c39e90264f33305004495a9","hash":"4361c0798120b172832e13da81930ec1235e53f6"}
,"C:\\Users\\jenishs\\OneDrive - Autodesk\\Desktop\\Test\\sjs\\Pro\\test\\Auro_Connect\\frontend\\src\\components\\FriendRequest.jsx": {"path":"C:\\Users\\jenishs\\OneDrive - Autodesk\\Desktop\\Test\\sjs\\Pro\\test\\Auro_Connect\\frontend\\src\\components\\FriendRequest.jsx","statementMap":{"0":{"start":{"line":6,"column":22},"end":{"line":66,"column":1}},"1":{"start":{"line":7,"column":21},"end":{"line":7,"column":37}},"2":{"start":{"line":9,"column":45},"end":{"line":18,"column":3}},"3":{"start":{"line":10,"column":29},"end":{"line":10,"column":82}},"4":{"start":{"line":12,"column":3},"end":{"line":12,"column":48}},"5":{"start":{"line":13,"column":3},"end":{"line":13,"column":71}},"6":{"start":{"line":16,"column":3},"end":{"line":16,"column":42}},"7":{"start":{"line":20,"column":45},"end":{"line":29,"column":3}},"8":{"start":{"line":21,"column":29},"end":{"line":21,"column":82}},"9":{"start":{"line":23,"column":3},"end":{"line":23,"column":48}},"10":{"start":{"line":24,"column":3},"end":{"line":24,"column":71}},"11":{"start":{"line":27,"column":3},"end":{"line":27,"column":42}},"12":{"start":{"line":31,"column":1},"end":{"line":65,"column":3}},"13":{"start":{"line":53,"column":20},"end":{"line":53,"column":56}},"14":{"start":{"line":59,"column":20},"end":{"line":59,"column":56}}},"fnMap":{"0":{"name":"(anonymous_0)","decl":{"start":{"line":6,"column":22},"end":{"line":6,"column":23}},"loc":{"start":{"line":6,"column":39},"end":{"line":66,"column":1}},"line":6},"1":{"name":"(anonymous_1)","decl":{"start":{"line":10,"column":14},"end":{"line":10,"column":15}},"loc":{"start":{"line":10,"column":29},"end":{"line":10,"column":82}},"line":10},"2":{"name":"(anonymous_2)","decl":{"start":{"line":11,"column":13},"end":{"line":11,"column":14}},"loc":{"start":{"line":11,"column":19},"end":{"line":14,"column":3}},"line":11},"3":{"name":"(anonymous_3)","decl":{"start":{"line":15,"column":11},"end":{"line":15,"column":12}},"loc":{"start":{"line":15,"column":22},"end":{"line":17,"column":3}},"line":15},"4":{"name":"(anonymous_4)","decl":{"start":{"line":21,"column":14},"end":{"line":21,"column":15}},"loc":{"start":{"line":21,"column":29},"end":{"line":21,"column":82}},"line":21},"5":{"name":"(anonymous_5)","decl":{"start":{"line":22,"column":13},"end":{"line":22,"column":14}},"loc":{"start":{"line":22,"column":19},"end":{"line":25,"column":3}},"line":22},"6":{"name":"(anonymous_6)","decl":{"start":{"line":26,"column":11},"end":{"line":26,"column":12}},"loc":{"start":{"line":26,"column":22},"end":{"line":28,"column":3}},"line":26},"7":{"name":"(anonymous_7)","decl":{"start":{"line":53,"column":14},"end":{"line":53,"column":15}},"loc":{"start":{"line":53,"column":20},"end":{"line":53,"column":56}},"line":53},"8":{"name":"(anonymous_8)","decl":{"start":{"line":59,"column":14},"end":{"line":59,"column":15}},"loc":{"start":{"line":59,"column":20},"end":{"line":59,"column":56}},"line":59}},"branchMap":{"0":{"loc":{"start":{"line":36,"column":11},"end":{"line":36,"column":57}},"type":"binary-expr","locations":[{"start":{"line":36,"column":11},"end":{"line":36,"column":40}},{"start":{"line":36,"column":44},"end":{"line":36,"column":57}}],"line":36}},"s":{"0":2,"1":9,"2":9,"3":0,"4":0,"5":0,"6":0,"7":9,"8":0,"9":0,"10":0,"11":0,"12":9,"13":1,"14":1},"f":{"0":9,"1":0,"2":0,"3":0,"4":0,"5":0,"6":0,"7":1,"8":1},"b":{"0":[9,2]},"_coverageSchema":"1a1c01bbd47fc00a2c39e90264f33305004495a9","hash":"90ae17c95bc8b7740f986703a19cd40f8b5f9b23"}
,"C:\\Users\\jenishs\\OneDrive - Autodesk\\Desktop\\Test\\sjs\\Pro\\test\\Auro_Connect\\frontend\\src\\components\\Post.jsx": {"path":"C:\\Users\\jenishs\\OneDrive - Autodesk\\Desktop\\Test\\sjs\\Pro\\test\\Auro_Connect\\frontend\\src\\components\\Post.jsx","statementMap":{"0":{"start":{"line":11,"column":13},"end":{"line":181,"column":1}},"1":{"start":{"line":12,"column":20},"end":{"line":12,"column":31}},"2":{"start":{"line":14,"column":28},"end":{"line":14,"column":64}},"3":{"start":{"line":15,"column":41},"end":{"line":15,"column":56}},"4":{"start":{"line":16,"column":37},"end":{"line":16,"column":49}},"5":{"start":{"line":17,"column":33},"end":{"line":17,"column":62}},"6":{"start":{"line":18,"column":17},"end":{"line":18,"column":49}},"7":{"start":{"line":19,"column":17},"end":{"line":19,"column":50}},"8":{"start":{"line":21,"column":21},"end":{"line":21,"column":37}},"9":{"start":{"line":23,"column":59},"end":{"line":34,"column":3}},"10":{"start":{"line":25,"column":3},"end":{"line":25,"column":59}},"11":{"start":{"line":28,"column":3},"end":{"line":28,"column":58}},"12":{"start":{"line":29,"column":3},"end":{"line":29,"column":46}},"13":{"start":{"line":32,"column":3},"end":{"line":32,"column":30}},"14":{"start":{"line":36,"column":63},"end":{"line":47,"column":3}},"15":{"start":{"line":38,"column":3},"end":{"line":38,"column":83}},"16":{"start":{"line":41,"column":3},"end":{"line":41,"column":58}},"17":{"start":{"line":42,"column":3},"end":{"line":42,"column":47}},"18":{"start":{"line":45,"column":3},"end":{"line":45,"column":69}},"19":{"start":{"line":49,"column":55},"end":{"line":57,"column":3}},"20":{"start":{"line":51,"column":3},"end":{"line":51,"column":55}},"21":{"start":{"line":54,"column":3},"end":{"line":54,"column":58}},"22":{"start":{"line":55,"column":3},"end":{"line":55,"column":65}},"23":{"start":{"line":59,"column":26},"end":{"line":62,"column":2}},"24":{"start":{"line":60,"column":2},"end":{"line":60,"column":76}},"25":{"start":{"line":60,"column":69},"end":{"line":60,"column":76}},"26":{"start":{"line":61,"column":2},"end":{"line":61,"column":15}},"27":{"start":{"line":64,"column":24},"end":{"line":67,"column":2}},"28":{"start":{"line":65,"column":2},"end":{"line":65,"column":27}},"29":{"start":{"line":65,"column":20},"end":{"line":65,"column":27}},"30":{"start":{"line":66,"column":2},"end":{"line":66,"column":13}},"31":{"start":{"line":69,"column":26},"end":{"line":87,"column":2}},"32":{"start":{"line":70,"column":2},"end":{"line":70,"column":21}},"33":{"start":{"line":71,"column":2},"end":{"line":86,"column":3}},"34":{"start":{"line":72,"column":3},"end":{"line":72,"column":29}},"35":{"start":{"line":73,"column":3},"end":{"line":73,"column":21}},"36":{"start":{"line":74,"column":3},"end":{"line":85,"column":6}},"37":{"start":{"line":89,"column":1},"end":{"line":180,"column":3}},"38":{"start":{"line":131,"column":21},"end":{"line":131,"column":51}},"39":{"start":{"line":141,"column":7},"end":{"line":156,"column":13}},"40":{"start":{"line":164,"column":24},"end":{"line":164,"column":53}}},"fnMap":{"0":{"name":"(anonymous_0)","decl":{"start":{"line":11,"column":13},"end":{"line":11,"column":14}},"loc":{"start":{"line":11,"column":27},"end":{"line":181,"column":1}},"line":11},"1":{"name":"(anonymous_1)","decl":{"start":{"line":24,"column":14},"end":{"line":24,"column":15}},"loc":{"start":{"line":24,"column":26},"end":{"line":26,"column":3}},"line":24},"2":{"name":"(anonymous_2)","decl":{"start":{"line":27,"column":13},"end":{"line":27,"column":14}},"loc":{"start":{"line":27,"column":19},"end":{"line":30,"column":3}},"line":27},"3":{"name":"(anonymous_3)","decl":{"start":{"line":31,"column":11},"end":{"line":31,"column":12}},"loc":{"start":{"line":31,"column":22},"end":{"line":33,"column":3}},"line":31},"4":{"name":"(anonymous_4)","decl":{"start":{"line":37,"column":14},"end":{"line":37,"column":15}},"loc":{"start":{"line":37,"column":36},"end":{"line":39,"column":3}},"line":37},"5":{"name":"(anonymous_5)","decl":{"start":{"line":40,"column":13},"end":{"line":40,"column":14}},"loc":{"start":{"line":40,"column":19},"end":{"line":43,"column":3}},"line":40},"6":{"name":"(anonymous_6)","decl":{"start":{"line":44,"column":11},"end":{"line":44,"column":12}},"loc":{"start":{"line":44,"column":20},"end":{"line":46,"column":3}},"line":44},"7":{"name":"(anonymous_7)","decl":{"start":{"line":50,"column":14},"end":{"line":50,"column":15}},"loc":{"start":{"line":50,"column":26},"end":{"line":52,"column":3}},"line":50},"8":{"name":"(anonymous_8)","decl":{"start":{"line":53,"column":13},"end":{"line":53,"column":14}},"loc":{"start":{"line":53,"column":19},"end":{"line":56,"column":3}},"line":53},"9":{"name":"(anonymous_9)","decl":{"start":{"line":59,"column":26},"end":{"line":59,"column":27}},"loc":{"start":{"line":59,"column":32},"end":{"line":62,"column":2}},"line":59},"10":{"name":"(anonymous_10)","decl":{"start":{"line":64,"column":24},"end":{"line":64,"column":25}},"loc":{"start":{"line":64,"column":36},"end":{"line":67,"column":2}},"line":64},"11":{"name":"(anonymous_11)","decl":{"start":{"line":69,"column":26},"end":{"line":69,"column":27}},"loc":{"start":{"line":69,"column":39},"end":{"line":87,"column":2}},"line":69},"12":{"name":"(anonymous_12)","decl":{"start":{"line":131,"column":15},"end":{"line":131,"column":16}},"loc":{"start":{"line":131,"column":21},"end":{"line":131,"column":51}},"line":131},"13":{"name":"(anonymous_13)","decl":{"start":{"line":140,"column":20},"end":{"line":140,"column":21}},"loc":{"start":{"line":141,"column":7},"end":{"line":156,"column":13}},"line":141},"14":{"name":"(anonymous_14)","decl":{"start":{"line":164,"column":17},"end":{"line":164,"column":18}},"loc":{"start":{"line":164,"column":24},"end":{"line":164,"column":53}},"line":164}},"branchMap":{"0":{"loc":{"start":{"line":17,"column":42},"end":{"line":17,"column":61}},"type":"binary-expr","locations":[{"start":{"line":17,"column":42},"end":{"line":17,"column":55}},{"start":{"line":17,"column":59},"end":{"line":17,"column":61}}],"line":17},"1":{"loc":{"start":{"line":45,"column":15},"end":{"line":45,"column":67}},"type":"binary-expr","locations":[{"start":{"line":45,"column":15},"end":{"line":45,"column":40}},{"start":{"line":45,"column":44},"end":{"line":45,"column":67}}],"line":45},"2":{"loc":{"start":{"line":60,"column":2},"end":{"line":60,"column":76}},"type":"if","locations":[{"start":{"line":60,"column":2},"end":{"line":60,"column":76}},{"start":{},"end":{}}],"line":60},"3":{"loc":{"start":{"line":65,"column":2},"end":{"line":65,"column":27}},"type":"if","locations":[{"start":{"line":65,"column":2},"end":{"line":65,"column":27}},{"start":{},"end":{}}],"line":65},"4":{"loc":{"start":{"line":71,"column":2},"end":{"line":86,"column":3}},"type":"if","locations":[{"start":{"line":71,"column":2},"end":{"line":86,"column":3}},{"start":{},"end":{}}],"line":71},"5":{"loc":{"start":{"line":96,"column":13},"end":{"line":96,"column":56}},"type":"binary-expr","locations":[{"start":{"line":96,"column":13},"end":{"line":96,"column":39}},{"start":{"line":96,"column":43},"end":{"line":96,"column":56}}],"line":96},"6":{"loc":{"start":{"line":112,"column":6},"end":{"line":116,"column":6}},"type":"binary-expr","locations":[{"start":{"line":112,"column":6},"end":{"line":112,"column":13}},{"start":{"line":113,"column":6},"end":{"line":115,"column":15}}],"line":112},"7":{"loc":{"start":{"line":114,"column":8},"end":{"line":114,"column":93}},"type":"cond-expr","locations":[{"start":{"line":114,"column":25},"end":{"line":114,"column":70}},{"start":{"line":114,"column":73},"end":{"line":114,"column":93}}],"line":114},"8":{"loc":{"start":{"line":119,"column":5},"end":{"line":119,"column":97}},"type":"binary-expr","locations":[{"start":{"line":119,"column":5},"end":{"line":119,"column":15}},{"start":{"line":119,"column":19},"end":{"line":119,"column":97}}],"line":119},"9":{"loc":{"start":{"line":123,"column":43},"end":{"line":123,"column":88}},"type":"cond-expr","locations":[{"start":{"line":123,"column":53},"end":{"line":123,"column":83}},{"start":{"line":123,"column":86},"end":{"line":123,"column":88}}],"line":123},"10":{"loc":{"start":{"line":137,"column":4},"end":{"line":178,"column":4}},"type":"binary-expr","locations":[{"start":{"line":137,"column":4},"end":{"line":137,"column":16}},{"start":{"line":138,"column":4},"end":{"line":177,"column":10}}],"line":137},"11":{"loc":{"start":{"line":143,"column":14},"end":{"line":143,"column":58}},"type":"binary-expr","locations":[{"start":{"line":143,"column":14},"end":{"line":143,"column":41}},{"start":{"line":143,"column":45},"end":{"line":143,"column":58}}],"line":143},"12":{"loc":{"start":{"line":174,"column":8},"end":{"line":174,"column":92}},"type":"cond-expr","locations":[{"start":{"line":174,"column":26},"end":{"line":174,"column":71}},{"start":{"line":174,"column":74},"end":{"line":174,"column":92}}],"line":174}},"s":{"0":2,"1":10,"2":10,"3":10,"4":10,"5":10,"6":10,"7":10,"8":10,"9":10,"10":0,"11":0,"12":0,"13":0,"14":10,"15":0,"16":0,"17":0,"18":0,"19":10,"20":0,"21":0,"22":0,"23":10,"24":0,"25":0,"26":0,"27":10,"28":0,"29":0,"30":0,"31":10,"32":0,"33":0,"34":0,"35":0,"36":0,"37":10,"38":0,"39":0,"40":0},"f":{"0":10,"1":0,"2":0,"3":0,"4":0,"5":0,"6":0,"7":0,"8":0,"9":0,"10":0,"11":0,"12":0,"13":0,"14":0},"b":{"0":[10,0],"1":[0,0],"2":[0,0],"3":[0,0],"4":[0,0],"5":[10,0],"6":[10,10],"7":[0,10],"8":[10,0],"9":[0,10],"10":[10,0],"11":[0,0],"12":[0,0]},"_coverageSchema":"1a1c01bbd47fc00a2c39e90264f33305004495a9","hash":"2372a85525272f874c565f3c4ff1d4093a2adf7f"}
,"C:\\Users\\jenishs\\OneDrive - Autodesk\\Desktop\\Test\\sjs\\Pro\\test\\Auro_Connect\\frontend\\src\\components\\PostAction.jsx": {"path":"C:\\Users\\jenishs\\OneDrive - Autodesk\\Desktop\\Test\\sjs\\Pro\\test\\Auro_Connect\\frontend\\src\\components\\PostAction.jsx","statementMap":{"0":{"start":{"line":2,"column":1},"end":{"line":7,"column":3}}},"fnMap":{"0":{"name":"PostAction","decl":{"start":{"line":1,"column":24},"end":{"line":1,"column":34}},"loc":{"start":{"line":1,"column":60},"end":{"line":8,"column":1}},"line":1}},"branchMap":{},"s":{"0":40},"f":{"0":40},"b":{},"_coverageSchema":"1a1c01bbd47fc00a2c39e90264f33305004495a9","hash":"81d11886a85657fb0419e84ee5d65e162f3235a9"}
,"C:\\Users\\jenishs\\OneDrive - Autodesk\\Desktop\\Test\\sjs\\Pro\\test\\Auro_Connect\\frontend\\src\\components\\PostCreation.jsx": {"path":"C:\\Users\\jenishs\\OneDrive - Autodesk\\Desktop\\Test\\sjs\\Pro\\test\\Auro_Connect\\frontend\\src\\components\\PostCreation.jsx","statementMap":{"0":{"start":{"line":7,"column":21},"end":{"line":104,"column":1}},"1":{"start":{"line":8,"column":31},"end":{"line":8,"column":43}},"2":{"start":{"line":9,"column":27},"end":{"line":9,"column":41}},"3":{"start":{"line":10,"column":41},"end":{"line":10,"column":55}},"4":{"start":{"line":12,"column":21},"end":{"line":12,"column":37}},"5":{"start":{"line":14,"column":51},"end":{"line":29,"column":3}},"6":{"start":{"line":16,"column":15},"end":{"line":18,"column":5}},"7":{"start":{"line":19,"column":3},"end":{"line":19,"column":19}},"8":{"start":{"line":22,"column":3},"end":{"line":22,"column":15}},"9":{"start":{"line":23,"column":3},"end":{"line":23,"column":46}},"10":{"start":{"line":24,"column":3},"end":{"line":24,"column":58}},"11":{"start":{"line":27,"column":3},"end":{"line":27,"column":69}},"12":{"start":{"line":31,"column":28},"end":{"line":40,"column":2}},"13":{"start":{"line":32,"column":2},"end":{"line":39,"column":3}},"14":{"start":{"line":33,"column":20},"end":{"line":33,"column":31}},"15":{"start":{"line":34,"column":3},"end":{"line":34,"column":62}},"16":{"start":{"line":34,"column":14},"end":{"line":34,"column":62}},"17":{"start":{"line":36,"column":3},"end":{"line":36,"column":32}},"18":{"start":{"line":38,"column":3},"end":{"line":38,"column":56}},"19":{"start":{"line":42,"column":19},"end":{"line":46,"column":2}},"20":{"start":{"line":43,"column":2},"end":{"line":43,"column":17}},"21":{"start":{"line":44,"column":2},"end":{"line":44,"column":17}},"22":{"start":{"line":45,"column":2},"end":{"line":45,"column":24}},"23":{"start":{"line":48,"column":27},"end":{"line":56,"column":2}},"24":{"start":{"line":49,"column":15},"end":{"line":49,"column":32}},"25":{"start":{"line":50,"column":2},"end":{"line":50,"column":17}},"26":{"start":{"line":51,"column":2},"end":{"line":55,"column":3}},"27":{"start":{"line":52,"column":3},"end":{"line":52,"column":49}},"28":{"start":{"line":54,"column":3},"end":{"line":54,"column":25}},"29":{"start":{"line":58,"column":27},"end":{"line":65,"column":2}},"30":{"start":{"line":59,"column":2},"end":{"line":64,"column":5}},"31":{"start":{"line":60,"column":18},"end":{"line":60,"column":34}},"32":{"start":{"line":61,"column":3},"end":{"line":61,"column":51}},"33":{"start":{"line":61,"column":28},"end":{"line":61,"column":50}},"34":{"start":{"line":62,"column":3},"end":{"line":62,"column":27}},"35":{"start":{"line":63,"column":3},"end":{"line":63,"column":30}},"36":{"start":{"line":67,"column":1},"end":{"line":103,"column":3}},"37":{"start":{"line":75,"column":22},"end":{"line":75,"column":48}}},"fnMap":{"0":{"name":"(anonymous_0)","decl":{"start":{"line":7,"column":21},"end":{"line":7,"column":22}},"loc":{"start":{"line":7,"column":35},"end":{"line":104,"column":1}},"line":7},"1":{"name":"(anonymous_1)","decl":{"start":{"line":15,"column":14},"end":{"line":15,"column":15}},"loc":{"start":{"line":15,"column":34},"end":{"line":20,"column":3}},"line":15},"2":{"name":"(anonymous_2)","decl":{"start":{"line":21,"column":13},"end":{"line":21,"column":14}},"loc":{"start":{"line":21,"column":19},"end":{"line":25,"column":3}},"line":21},"3":{"name":"(anonymous_3)","decl":{"start":{"line":26,"column":11},"end":{"line":26,"column":12}},"loc":{"start":{"line":26,"column":20},"end":{"line":28,"column":3}},"line":26},"4":{"name":"(anonymous_4)","decl":{"start":{"line":31,"column":28},"end":{"line":31,"column":29}},"loc":{"start":{"line":31,"column":40},"end":{"line":40,"column":2}},"line":31},"5":{"name":"(anonymous_5)","decl":{"start":{"line":42,"column":19},"end":{"line":42,"column":20}},"loc":{"start":{"line":42,"column":25},"end":{"line":46,"column":2}},"line":42},"6":{"name":"(anonymous_6)","decl":{"start":{"line":48,"column":27},"end":{"line":48,"column":28}},"loc":{"start":{"line":48,"column":34},"end":{"line":56,"column":2}},"line":48},"7":{"name":"(anonymous_7)","decl":{"start":{"line":58,"column":27},"end":{"line":58,"column":28}},"loc":{"start":{"line":58,"column":37},"end":{"line":65,"column":2}},"line":58},"8":{"name":"(anonymous_8)","decl":{"start":{"line":59,"column":21},"end":{"line":59,"column":22}},"loc":{"start":{"line":59,"column":42},"end":{"line":64,"column":3}},"line":59},"9":{"name":"(anonymous_9)","decl":{"start":{"line":61,"column":22},"end":{"line":61,"column":23}},"loc":{"start":{"line":61,"column":28},"end":{"line":61,"column":50}},"line":61},"10":{"name":"(anonymous_10)","decl":{"start":{"line":75,"column":15},"end":{"line":75,"column":16}},"loc":{"start":{"line":75,"column":22},"end":{"line":75,"column":48}},"line":75}},"branchMap":{"0":{"loc":{"start":{"line":27,"column":15},"end":{"line":27,"column":67}},"type":"binary-expr","locations":[{"start":{"line":27,"column":15},"end":{"line":27,"column":40}},{"start":{"line":27,"column":44},"end":{"line":27,"column":67}}],"line":27},"1":{"loc":{"start":{"line":34,"column":3},"end":{"line":34,"column":62}},"type":"if","locations":[{"start":{"line":34,"column":3},"end":{"line":34,"column":62}},{"start":{},"end":{}}],"line":34},"2":{"loc":{"start":{"line":51,"column":2},"end":{"line":55,"column":3}},"type":"if","locations":[{"start":{"line":51,"column":2},"end":{"line":55,"column":3}},{"start":{"line":53,"column":9},"end":{"line":55,"column":3}}],"line":51},"3":{"loc":{"start":{"line":70,"column":14},"end":{"line":70,"column":50}},"type":"binary-expr","locations":[{"start":{"line":70,"column":14},"end":{"line":70,"column":33}},{"start":{"line":70,"column":37},"end":{"line":70,"column":50}}],"line":70},"4":{"loc":{"start":{"line":79,"column":4},"end":{"line":83,"column":4}},"type":"binary-expr","locations":[{"start":{"line":79,"column":4},"end":{"line":79,"column":16}},{"start":{"line":80,"column":4},"end":{"line":82,"column":10}}],"line":79},"5":{"loc":{"start":{"line":99,"column":6},"end":{"line":99,"column":70}},"type":"cond-expr","locations":[{"start":{"line":99,"column":18},"end":{"line":99,"column":60}},{"start":{"line":99,"column":63},"end":{"line":99,"column":70}}],"line":99}},"s":{"0":2,"1":10,"2":10,"3":10,"4":10,"5":10,"6":0,"7":0,"8":0,"9":0,"10":0,"11":0,"12":10,"13":0,"14":0,"15":0,"16":0,"17":0,"18":0,"19":10,"20":0,"21":0,"22":0,"23":10,"24":0,"25":0,"26":0,"27":0,"28":0,"29":10,"30":0,"31":0,"32":0,"33":0,"34":0,"35":0,"36":10,"37":0},"f":{"0":10,"1":0,"2":0,"3":0,"4":0,"5":0,"6":0,"7":0,"8":0,"9":0,"10":0},"b":{"0":[0,0],"1":[0,0],"2":[0,0],"3":[10,0],"4":[10,0],"5":[0,10]},"_coverageSchema":"1a1c01bbd47fc00a2c39e90264f33305004495a9","hash":"dde7f3a3b000eb4ac6d88d2001f56085153871af"}
,"C:\\Users\\jenishs\\OneDrive - Autodesk\\Desktop\\Test\\sjs\\Pro\\test\\Auro_Connect\\frontend\\src\\components\\ProfileHeader.jsx": {"path":"C:\\Users\\jenishs\\OneDrive - Autodesk\\Desktop\\Test\\sjs\\Pro\\test\\Auro_Connect\\frontend\\src\\components\\ProfileHeader.jsx","statementMap":{"0":{"start":{"line":8,"column":22},"end":{"line":257,"column":1}},"1":{"start":{"line":9,"column":35},"end":{"line":9,"column":50}},"2":{"start":{"line":10,"column":37},"end":{"line":10,"column":49}},"3":{"start":{"line":11,"column":21},"end":{"line":11,"column":37}},"4":{"start":{"line":13,"column":28},"end":{"line":13,"column":64}},"5":{"start":{"line":15,"column":70},"end":{"line":19,"column":3}},"6":{"start":{"line":17,"column":17},"end":{"line":17,"column":73}},"7":{"start":{"line":21,"column":21},"end":{"line":21,"column":91}},"8":{"start":{"line":21,"column":63},"end":{"line":21,"column":90}},"9":{"start":{"line":23,"column":43},"end":{"line":33,"column":3}},"10":{"start":{"line":24,"column":26},"end":{"line":24,"column":78}},"11":{"start":{"line":26,"column":3},"end":{"line":26,"column":44}},"12":{"start":{"line":27,"column":3},"end":{"line":27,"column":29}},"13":{"start":{"line":28,"column":3},"end":{"line":28,"column":57}},"14":{"start":{"line":31,"column":3},"end":{"line":31,"column":69}},"15":{"start":{"line":35,"column":35},"end":{"line":45,"column":3}},"16":{"start":{"line":36,"column":29},"end":{"line":36,"column":82}},"17":{"start":{"line":38,"column":3},"end":{"line":38,"column":48}},"18":{"start":{"line":39,"column":3},"end":{"line":39,"column":29}},"19":{"start":{"line":40,"column":3},"end":{"line":40,"column":57}},"20":{"start":{"line":43,"column":3},"end":{"line":43,"column":69}},"21":{"start":{"line":47,"column":35},"end":{"line":57,"column":3}},"22":{"start":{"line":48,"column":29},"end":{"line":48,"column":82}},"23":{"start":{"line":50,"column":3},"end":{"line":50,"column":48}},"24":{"start":{"line":51,"column":3},"end":{"line":51,"column":29}},"25":{"start":{"line":52,"column":3},"end":{"line":52,"column":57}},"26":{"start":{"line":55,"column":3},"end":{"line":55,"column":69}},"27":{"start":{"line":59,"column":38},"end":{"line":69,"column":3}},"28":{"start":{"line":60,"column":26},"end":{"line":60,"column":72}},"29":{"start":{"line":62,"column":3},"end":{"line":62,"column":39}},"30":{"start":{"line":63,"column":3},"end":{"line":63,"column":29}},"31":{"start":{"line":64,"column":3},"end":{"line":64,"column":57}},"32":{"start":{"line":67,"column":3},"end":{"line":67,"column":69}},"33":{"start":{"line":71,"column":29},"end":{"line":75,"column":36}},"34":{"start":{"line":72,"column":2},"end":{"line":72,"column":38}},"35":{"start":{"line":72,"column":19},"end":{"line":72,"column":38}},"36":{"start":{"line":73,"column":2},"end":{"line":73,"column":43}},"37":{"start":{"line":73,"column":20},"end":{"line":73,"column":43}},"38":{"start":{"line":74,"column":2},"end":{"line":74,"column":40}},"39":{"start":{"line":77,"column":32},"end":{"line":133,"column":2}},"40":{"start":{"line":78,"column":20},"end":{"line":78,"column":112}},"41":{"start":{"line":79,"column":2},"end":{"line":132,"column":3}},"42":{"start":{"line":81,"column":4},"end":{"line":95,"column":6}},"43":{"start":{"line":89,"column":22},"end":{"line":89,"column":52}},"44":{"start":{"line":98,"column":4},"end":{"line":103,"column":6}},"45":{"start":{"line":106,"column":4},"end":{"line":121,"column":6}},"46":{"start":{"line":109,"column":22},"end":{"line":109,"column":68}},"47":{"start":{"line":115,"column":22},"end":{"line":115,"column":68}},"48":{"start":{"line":123,"column":4},"end":{"line":131,"column":6}},"49":{"start":{"line":125,"column":21},"end":{"line":125,"column":56}},"50":{"start":{"line":135,"column":27},"end":{"line":144,"column":2}},"51":{"start":{"line":136,"column":15},"end":{"line":136,"column":36}},"52":{"start":{"line":137,"column":2},"end":{"line":143,"column":3}},"53":{"start":{"line":138,"column":18},"end":{"line":138,"column":34}},"54":{"start":{"line":139,"column":3},"end":{"line":141,"column":5}},"55":{"start":{"line":140,"column":4},"end":{"line":140,"column":79}},"56":{"start":{"line":140,"column":29},"end":{"line":140,"column":76}},"57":{"start":{"line":142,"column":3},"end":{"line":142,"column":30}},"58":{"start":{"line":146,"column":20},"end":{"line":149,"column":2}},"59":{"start":{"line":147,"column":2},"end":{"line":147,"column":21}},"60":{"start":{"line":148,"column":2},"end":{"line":148,"column":22}},"61":{"start":{"line":151,"column":1},"end":{"line":256,"column":3}},"62":{"start":{"line":200,"column":24},"end":{"line":200,"column":78}},"63":{"start":{"line":211,"column":24},"end":{"line":211,"column":82}},"64":{"start":{"line":224,"column":25},"end":{"line":224,"column":83}},"65":{"start":{"line":244,"column":22},"end":{"line":244,"column":40}}},"fnMap":{"0":{"name":"(anonymous_0)","decl":{"start":{"line":8,"column":22},"end":{"line":8,"column":23}},"loc":{"start":{"line":8,"column":62},"end":{"line":257,"column":1}},"line":8},"1":{"name":"(anonymous_1)","decl":{"start":{"line":17,"column":11},"end":{"line":17,"column":12}},"loc":{"start":{"line":17,"column":17},"end":{"line":17,"column":73}},"line":17},"2":{"name":"(anonymous_2)","decl":{"start":{"line":21,"column":47},"end":{"line":21,"column":48}},"loc":{"start":{"line":21,"column":63},"end":{"line":21,"column":90}},"line":21},"3":{"name":"(anonymous_3)","decl":{"start":{"line":24,"column":14},"end":{"line":24,"column":15}},"loc":{"start":{"line":24,"column":26},"end":{"line":24,"column":78}},"line":24},"4":{"name":"(anonymous_4)","decl":{"start":{"line":25,"column":13},"end":{"line":25,"column":14}},"loc":{"start":{"line":25,"column":19},"end":{"line":29,"column":3}},"line":25},"5":{"name":"(anonymous_5)","decl":{"start":{"line":30,"column":11},"end":{"line":30,"column":12}},"loc":{"start":{"line":30,"column":22},"end":{"line":32,"column":3}},"line":30},"6":{"name":"(anonymous_6)","decl":{"start":{"line":36,"column":14},"end":{"line":36,"column":15}},"loc":{"start":{"line":36,"column":29},"end":{"line":36,"column":82}},"line":36},"7":{"name":"(anonymous_7)","decl":{"start":{"line":37,"column":13},"end":{"line":37,"column":14}},"loc":{"start":{"line":37,"column":19},"end":{"line":41,"column":3}},"line":37},"8":{"name":"(anonymous_8)","decl":{"start":{"line":42,"column":11},"end":{"line":42,"column":12}},"loc":{"start":{"line":42,"column":22},"end":{"line":44,"column":3}},"line":42},"9":{"name":"(anonymous_9)","decl":{"start":{"line":48,"column":14},"end":{"line":48,"column":15}},"loc":{"start":{"line":48,"column":29},"end":{"line":48,"column":82}},"line":48},"10":{"name":"(anonymous_10)","decl":{"start":{"line":49,"column":13},"end":{"line":49,"column":14}},"loc":{"start":{"line":49,"column":19},"end":{"line":53,"column":3}},"line":49},"11":{"name":"(anonymous_11)","decl":{"start":{"line":54,"column":11},"end":{"line":54,"column":12}},"loc":{"start":{"line":54,"column":22},"end":{"line":56,"column":3}},"line":54},"12":{"name":"(anonymous_12)","decl":{"start":{"line":60,"column":14},"end":{"line":60,"column":15}},"loc":{"start":{"line":60,"column":26},"end":{"line":60,"column":72}},"line":60},"13":{"name":"(anonymous_13)","decl":{"start":{"line":61,"column":13},"end":{"line":61,"column":14}},"loc":{"start":{"line":61,"column":19},"end":{"line":65,"column":3}},"line":61},"14":{"name":"(anonymous_14)","decl":{"start":{"line":66,"column":11},"end":{"line":66,"column":12}},"loc":{"start":{"line":66,"column":22},"end":{"line":68,"column":3}},"line":66},"15":{"name":"(anonymous_15)","decl":{"start":{"line":71,"column":37},"end":{"line":71,"column":38}},"loc":{"start":{"line":71,"column":43},"end":{"line":75,"column":2}},"line":71},"16":{"name":"(anonymous_16)","decl":{"start":{"line":77,"column":32},"end":{"line":77,"column":33}},"loc":{"start":{"line":77,"column":38},"end":{"line":133,"column":2}},"line":77},"17":{"name":"(anonymous_17)","decl":{"start":{"line":89,"column":16},"end":{"line":89,"column":17}},"loc":{"start":{"line":89,"column":22},"end":{"line":89,"column":52}},"line":89},"18":{"name":"(anonymous_18)","decl":{"start":{"line":109,"column":16},"end":{"line":109,"column":17}},"loc":{"start":{"line":109,"column":22},"end":{"line":109,"column":68}},"line":109},"19":{"name":"(anonymous_19)","decl":{"start":{"line":115,"column":16},"end":{"line":115,"column":17}},"loc":{"start":{"line":115,"column":22},"end":{"line":115,"column":68}},"line":115},"20":{"name":"(anonymous_20)","decl":{"start":{"line":125,"column":15},"end":{"line":125,"column":16}},"loc":{"start":{"line":125,"column":21},"end":{"line":125,"column":56}},"line":125},"21":{"name":"(anonymous_21)","decl":{"start":{"line":135,"column":27},"end":{"line":135,"column":28}},"loc":{"start":{"line":135,"column":38},"end":{"line":144,"column":2}},"line":135},"22":{"name":"(anonymous_22)","decl":{"start":{"line":139,"column":22},"end":{"line":139,"column":23}},"loc":{"start":{"line":139,"column":28},"end":{"line":141,"column":4}},"line":139},"23":{"name":"(anonymous_23)","decl":{"start":{"line":140,"column":18},"end":{"line":140,"column":19}},"loc":{"start":{"line":140,"column":29},"end":{"line":140,"column":76}},"line":140},"24":{"name":"(anonymous_24)","decl":{"start":{"line":146,"column":20},"end":{"line":146,"column":21}},"loc":{"start":{"line":146,"column":26},"end":{"line":149,"column":2}},"line":146},"25":{"name":"(anonymous_25)","decl":{"start":{"line":200,"column":17},"end":{"line":200,"column":18}},"loc":{"start":{"line":200,"column":24},"end":{"line":200,"column":78}},"line":200},"26":{"name":"(anonymous_26)","decl":{"start":{"line":211,"column":17},"end":{"line":211,"column":18}},"loc":{"start":{"line":211,"column":24},"end":{"line":211,"column":82}},"line":211},"27":{"name":"(anonymous_27)","decl":{"start":{"line":224,"column":18},"end":{"line":224,"column":19}},"loc":{"start":{"line":224,"column":25},"end":{"line":224,"column":83}},"line":224},"28":{"name":"(anonymous_28)","decl":{"start":{"line":244,"column":16},"end":{"line":244,"column":17}},"loc":{"start":{"line":244,"column":22},"end":{"line":244,"column":40}},"line":244}},"branchMap":{"0":{"loc":{"start":{"line":31,"column":15},"end":{"line":31,"column":67}},"type":"binary-expr","locations":[{"start":{"line":31,"column":15},"end":{"line":31,"column":44}},{"start":{"line":31,"column":48},"end":{"line":31,"column":67}}],"line":31},"1":{"loc":{"start":{"line":43,"column":15},"end":{"line":43,"column":67}},"type":"binary-expr","locations":[{"start":{"line":43,"column":15},"end":{"line":43,"column":44}},{"start":{"line":43,"column":48},"end":{"line":43,"column":67}}],"line":43},"2":{"loc":{"start":{"line":55,"column":15},"end":{"line":55,"column":67}},"type":"binary-expr","locations":[{"start":{"line":55,"column":15},"end":{"line":55,"column":44}},{"start":{"line":55,"column":48},"end":{"line":55,"column":67}}],"line":55},"3":{"loc":{"start":{"line":67,"column":15},"end":{"line":67,"column":67}},"type":"binary-expr","locations":[{"start":{"line":67,"column":15},"end":{"line":67,"column":44}},{"start":{"line":67,"column":48},"end":{"line":67,"column":67}}],"line":67},"4":{"loc":{"start":{"line":72,"column":2},"end":{"line":72,"column":38}},"type":"if","locations":[{"start":{"line":72,"column":2},"end":{"line":72,"column":38}},{"start":{},"end":{}}],"line":72},"5":{"loc":{"start":{"line":73,"column":2},"end":{"line":73,"column":43}},"type":"if","locations":[{"start":{"line":73,"column":2},"end":{"line":73,"column":43}},{"start":{},"end":{}}],"line":73},"6":{"loc":{"start":{"line":79,"column":2},"end":{"line":132,"column":3}},"type":"switch","locations":[{"start":{"line":80,"column":3},"end":{"line":95,"column":6}},{"start":{"line":97,"column":3},"end":{"line":103,"column":6}},{"start":{"line":105,"column":3},"end":{"line":121,"column":6}},{"start":{"line":122,"column":3},"end":{"line":131,"column":6}}],"line":79},"7":{"loc":{"start":{"line":137,"column":2},"end":{"line":143,"column":3}},"type":"if","locations":[{"start":{"line":137,"column":2},"end":{"line":143,"column":3}},{"start":{},"end":{}}],"line":137},"8":{"loc":{"start":{"line":156,"column":30},"end":{"line":156,"column":89}},"type":"binary-expr","locations":[{"start":{"line":156,"column":30},"end":{"line":156,"column":50}},{"start":{"line":156,"column":54},"end":{"line":156,"column":72}},{"start":{"line":156,"column":76},"end":{"line":156,"column":89}}],"line":156},"9":{"loc":{"start":{"line":159,"column":5},"end":{"line":170,"column":5}},"type":"binary-expr","locations":[{"start":{"line":159,"column":5},"end":{"line":159,"column":14}},{"start":{"line":160,"column":5},"end":{"line":169,"column":13}}],"line":159},"10":{"loc":{"start":{"line":177,"column":11},"end":{"line":177,"column":80}},"type":"binary-expr","locations":[{"start":{"line":177,"column":11},"end":{"line":177,"column":36}},{"start":{"line":177,"column":40},"end":{"line":177,"column":63}},{"start":{"line":177,"column":67},"end":{"line":177,"column":80}}],"line":177},"11":{"loc":{"start":{"line":181,"column":6},"end":{"line":192,"column":6}},"type":"binary-expr","locations":[{"start":{"line":181,"column":6},"end":{"line":181,"column":15}},{"start":{"line":182,"column":6},"end":{"line":191,"column":14}}],"line":181},"12":{"loc":{"start":{"line":196,"column":6},"end":{"line":205,"column":6}},"type":"cond-expr","locations":[{"start":{"line":197,"column":6},"end":{"line":202,"column":8}},{"start":{"line":204,"column":6},"end":{"line":204,"column":66}}],"line":196},"13":{"loc":{"start":{"line":199,"column":14},"end":{"line":199,"column":46}},"type":"binary-expr","locations":[{"start":{"line":199,"column":14},"end":{"line":199,"column":29}},{"start":{"line":199,"column":33},"end":{"line":199,"column":46}}],"line":199},"14":{"loc":{"start":{"line":207,"column":6},"end":{"line":216,"column":6}},"type":"cond-expr","locations":[{"start":{"line":208,"column":6},"end":{"line":213,"column":8}},{"start":{"line":215,"column":6},"end":{"line":215,"column":58}}],"line":207},"15":{"loc":{"start":{"line":210,"column":14},"end":{"line":210,"column":54}},"type":"binary-expr","locations":[{"start":{"line":210,"column":14},"end":{"line":210,"column":33}},{"start":{"line":210,"column":37},"end":{"line":210,"column":54}}],"line":210},"16":{"loc":{"start":{"line":220,"column":7},"end":{"line":229,"column":7}},"type":"cond-expr","locations":[{"start":{"line":221,"column":7},"end":{"line":226,"column":9}},{"start":{"line":228,"column":7},"end":{"line":228,"column":65}}],"line":220},"17":{"loc":{"start":{"line":223,"column":15},"end":{"line":223,"column":55}},"type":"binary-expr","locations":[{"start":{"line":223,"column":15},"end":{"line":223,"column":34}},{"start":{"line":223,"column":38},"end":{"line":223,"column":55}}],"line":223},"18":{"loc":{"start":{"line":233,"column":5},"end":{"line":253,"column":5}},"type":"cond-expr","locations":[{"start":{"line":234,"column":5},"end":{"line":250,"column":6}},{"start":{"line":252,"column":5},"end":{"line":252,"column":74}}],"line":233},"19":{"loc":{"start":{"line":234,"column":5},"end":{"line":250,"column":6}},"type":"cond-expr","locations":[{"start":{"line":235,"column":6},"end":{"line":241,"column":15}},{"start":{"line":243,"column":6},"end":{"line":249,"column":15}}],"line":234}},"s":{"0":1,"1":0,"2":0,"3":0,"4":0,"5":0,"6":0,"7":0,"8":0,"9":0,"10":0,"11":0,"12":0,"13":0,"14":0,"15":0,"16":0,"17":0,"18":0,"19":0,"20":0,"21":0,"22":0,"23":0,"24":0,"25":0,"26":0,"27":0,"28":0,"29":0,"30":0,"31":0,"32":0,"33":0,"34":0,"35":0,"36":0,"37":0,"38":0,"39":0,"40":0,"41":0,"42":0,"43":0,"44":0,"45":0,"46":0,"47":0,"48":0,"49":0,"50":0,"51":0,"52":0,"53":0,"54":0,"55":0,"56":0,"57":0,"58":0,"59":0,"60":0,"61":0,"62":0,"63":0,"64":0,"65":0},"f":{"0":0,"1":0,"2":0,"3":0,"4":0,"5":0,"6":0,"7":0,"8":0,"9":0,"10":0,"11":0,"12":0,"13":0,"14":0,"15":0,"16":0,"17":0,"18":0,"19":0,"20":0,"21":0,"22":0,"23":0,"24":0,"25":0,"26":0,"27":0,"28":0},"b":{"0":[0,0],"1":[0,0],"2":[0,0],"3":[0,0],"4":[0,0],"5":[0,0],"6":[0,0,0,0],"7":[0,0],"8":[0,0,0],"9":[0,0],"10":[0,0,0],"11":[0,0],"12":[0,0],"13":[0,0],"14":[0,0],"15":[0,0],"16":[0,0],"17":[0,0],"18":[0,0],"19":[0,0]},"_coverageSchema":"1a1c01bbd47fc00a2c39e90264f33305004495a9","hash":"ec247adaa73e74825a903645faa3278ee4f3ebe5"}
,"C:\\Users\\jenishs\\OneDrive - Autodesk\\Desktop\\Test\\sjs\\Pro\\test\\Auro_Connect\\frontend\\src\\components\\RecommendedUser.jsx": {"path":"C:\\Users\\jenishs\\OneDrive - Autodesk\\Desktop\\Test\\sjs\\Pro\\test\\Auro_Connect\\frontend\\src\\components\\RecommendedUser.jsx","statementMap":{"0":{"start":{"line":7,"column":24},"end":{"line":136,"column":1}},"1":{"start":{"line":8,"column":21},"end":{"line":8,"column":37}},"2":{"start":{"line":10,"column":47},"end":{"line":13,"column":3}},"3":{"start":{"line":12,"column":17},"end":{"line":12,"column":69}},"4":{"start":{"line":15,"column":43},"end":{"line":27,"column":3}},"5":{"start":{"line":17,"column":3},"end":{"line":17,"column":55}},"6":{"start":{"line":19,"column":3},"end":{"line":19,"column":57}},"7":{"start":{"line":20,"column":3},"end":{"line":22,"column":6}},"8":{"start":{"line":25,"column":3},"end":{"line":25,"column":67}},"9":{"start":{"line":29,"column":35},"end":{"line":41,"column":3}},"10":{"start":{"line":31,"column":3},"end":{"line":31,"column":56}},"11":{"start":{"line":33,"column":3},"end":{"line":33,"column":48}},"12":{"start":{"line":34,"column":3},"end":{"line":36,"column":6}},"13":{"start":{"line":39,"column":3},"end":{"line":39,"column":67}},"14":{"start":{"line":43,"column":35},"end":{"line":55,"column":3}},"15":{"start":{"line":45,"column":3},"end":{"line":45,"column":56}},"16":{"start":{"line":47,"column":3},"end":{"line":47,"column":48}},"17":{"start":{"line":48,"column":3},"end":{"line":50,"column":6}},"18":{"start":{"line":53,"column":3},"end":{"line":53,"column":67}},"19":{"start":{"line":57,"column":22},"end":{"line":110,"column":2}},"20":{"start":{"line":58,"column":2},"end":{"line":64,"column":3}},"21":{"start":{"line":59,"column":3},"end":{"line":63,"column":5}},"22":{"start":{"line":66,"column":2},"end":{"line":109,"column":3}},"23":{"start":{"line":68,"column":4},"end":{"line":75,"column":6}},"24":{"start":{"line":77,"column":4},"end":{"line":90,"column":6}},"25":{"start":{"line":80,"column":22},"end":{"line":80,"column":68}},"26":{"start":{"line":85,"column":22},"end":{"line":85,"column":68}},"27":{"start":{"line":92,"column":4},"end":{"line":99,"column":6}},"28":{"start":{"line":101,"column":4},"end":{"line":108,"column":6}},"29":{"start":{"line":112,"column":23},"end":{"line":116,"column":2}},"30":{"start":{"line":113,"column":2},"end":{"line":115,"column":3}},"31":{"start":{"line":114,"column":3},"end":{"line":114,"column":35}},"32":{"start":{"line":118,"column":1},"end":{"line":135,"column":3}}},"fnMap":{"0":{"name":"(anonymous_0)","decl":{"start":{"line":7,"column":24},"end":{"line":7,"column":25}},"loc":{"start":{"line":7,"column":38},"end":{"line":136,"column":1}},"line":7},"1":{"name":"(anonymous_1)","decl":{"start":{"line":12,"column":11},"end":{"line":12,"column":12}},"loc":{"start":{"line":12,"column":17},"end":{"line":12,"column":69}},"line":12},"2":{"name":"(anonymous_2)","decl":{"start":{"line":16,"column":14},"end":{"line":16,"column":15}},"loc":{"start":{"line":17,"column":3},"end":{"line":17,"column":55}},"line":17},"3":{"name":"(anonymous_3)","decl":{"start":{"line":18,"column":13},"end":{"line":18,"column":14}},"loc":{"start":{"line":18,"column":19},"end":{"line":23,"column":3}},"line":18},"4":{"name":"(anonymous_4)","decl":{"start":{"line":24,"column":11},"end":{"line":24,"column":12}},"loc":{"start":{"line":24,"column":22},"end":{"line":26,"column":3}},"line":24},"5":{"name":"(anonymous_5)","decl":{"start":{"line":30,"column":14},"end":{"line":30,"column":15}},"loc":{"start":{"line":31,"column":3},"end":{"line":31,"column":56}},"line":31},"6":{"name":"(anonymous_6)","decl":{"start":{"line":32,"column":13},"end":{"line":32,"column":14}},"loc":{"start":{"line":32,"column":19},"end":{"line":37,"column":3}},"line":32},"7":{"name":"(anonymous_7)","decl":{"start":{"line":38,"column":11},"end":{"line":38,"column":12}},"loc":{"start":{"line":38,"column":22},"end":{"line":40,"column":3}},"line":38},"8":{"name":"(anonymous_8)","decl":{"start":{"line":44,"column":14},"end":{"line":44,"column":15}},"loc":{"start":{"line":45,"column":3},"end":{"line":45,"column":56}},"line":45},"9":{"name":"(anonymous_9)","decl":{"start":{"line":46,"column":13},"end":{"line":46,"column":14}},"loc":{"start":{"line":46,"column":19},"end":{"line":51,"column":3}},"line":46},"10":{"name":"(anonymous_10)","decl":{"start":{"line":52,"column":11},"end":{"line":52,"column":12}},"loc":{"start":{"line":52,"column":22},"end":{"line":54,"column":3}},"line":52},"11":{"name":"(anonymous_11)","decl":{"start":{"line":57,"column":22},"end":{"line":57,"column":23}},"loc":{"start":{"line":57,"column":28},"end":{"line":110,"column":2}},"line":57},"12":{"name":"(anonymous_12)","decl":{"start":{"line":80,"column":16},"end":{"line":80,"column":17}},"loc":{"start":{"line":80,"column":22},"end":{"line":80,"column":68}},"line":80},"13":{"name":"(anonymous_13)","decl":{"start":{"line":85,"column":16},"end":{"line":85,"column":17}},"loc":{"start":{"line":85,"column":22},"end":{"line":85,"column":68}},"line":85},"14":{"name":"(anonymous_14)","decl":{"start":{"line":112,"column":23},"end":{"line":112,"column":24}},"loc":{"start":{"line":112,"column":29},"end":{"line":116,"column":2}},"line":112}},"branchMap":{"0":{"loc":{"start":{"line":25,"column":15},"end":{"line":25,"column":65}},"type":"binary-expr","locations":[{"start":{"line":25,"column":15},"end":{"line":25,"column":42}},{"start":{"line":25,"column":46},"end":{"line":25,"column":65}}],"line":25},"1":{"loc":{"start":{"line":39,"column":15},"end":{"line":39,"column":65}},"type":"binary-expr","locations":[{"start":{"line":39,"column":15},"end":{"line":39,"column":42}},{"start":{"line":39,"column":46},"end":{"line":39,"column":65}}],"line":39},"2":{"loc":{"start":{"line":53,"column":15},"end":{"line":53,"column":65}},"type":"binary-expr","locations":[{"start":{"line":53,"column":15},"end":{"line":53,"column":42}},{"start":{"line":53,"column":46},"end":{"line":53,"column":65}}],"line":53},"3":{"loc":{"start":{"line":58,"column":2},"end":{"line":64,"column":3}},"type":"if","locations":[{"start":{"line":58,"column":2},"end":{"line":64,"column":3}},{"start":{},"end":{}}],"line":58},"4":{"loc":{"start":{"line":66,"column":2},"end":{"line":109,"column":3}},"type":"switch","locations":[{"start":{"line":67,"column":3},"end":{"line":75,"column":6}},{"start":{"line":76,"column":3},"end":{"line":90,"column":6}},{"start":{"line":91,"column":3},"end":{"line":99,"column":6}},{"start":{"line":100,"column":3},"end":{"line":108,"column":6}}],"line":66},"5":{"loc":{"start":{"line":113,"column":2},"end":{"line":115,"column":3}},"type":"if","locations":[{"start":{"line":113,"column":2},"end":{"line":115,"column":3}},{"start":{},"end":{}}],"line":113},"6":{"loc":{"start":{"line":124,"column":10},"end":{"line":124,"column":46}},"type":"binary-expr","locations":[{"start":{"line":124,"column":10},"end":{"line":124,"column":29}},{"start":{"line":124,"column":33},"end":{"line":124,"column":46}}],"line":124}},"s":{"0":2,"1":10,"2":10,"3":0,"4":10,"5":0,"6":0,"7":0,"8":0,"9":10,"10":0,"11":0,"12":0,"13":0,"14":10,"15":0,"16":0,"17":0,"18":0,"19":10,"20":10,"21":0,"22":10,"23":0,"24":0,"25":0,"26":0,"27":0,"28":10,"29":10,"30":0,"31":0,"32":10},"f":{"0":10,"1":0,"2":0,"3":0,"4":0,"5":0,"6":0,"7":0,"8":0,"9":0,"10":0,"11":10,"12":0,"13":0,"14":0},"b":{"0":[0,0],"1":[0,0],"2":[0,0],"3":[0,10],"4":[0,0,0,10],"5":[0,0],"6":[10,0]},"_coverageSchema":"1a1c01bbd47fc00a2c39e90264f33305004495a9","hash":"37a6254bfacad856201332faea2acab0309fd2c1"}
,"C:\\Users\\jenishs\\OneDrive - Autodesk\\Desktop\\Test\\sjs\\Pro\\test\\Auro_Connect\\frontend\\src\\components\\Sidebar.jsx": {"path":"C:\\Users\\jenishs\\OneDrive - Autodesk\\Desktop\\Test\\sjs\\Pro\\test\\Auro_Connect\\frontend\\src\\components\\Sidebar.jsx","statementMap":{"0":{"start":{"line":5,"column":1},"end":{"line":69,"column":3}}},"fnMap":{"0":{"name":"Sidebar","decl":{"start":{"line":4,"column":24},"end":{"line":4,"column":31}},"loc":{"start":{"line":4,"column":42},"end":{"line":70,"column":1}},"line":4}},"branchMap":{"0":{"loc":{"start":{"line":11,"column":31},"end":{"line":11,"column":62}},"type":"binary-expr","locations":[{"start":{"line":11,"column":31},"end":{"line":11,"column":45}},{"start":{"line":11,"column":49},"end":{"line":11,"column":62}}],"line":11},"1":{"loc":{"start":{"line":16,"column":11},"end":{"line":16,"column":47}},"type":"binary-expr","locations":[{"start":{"line":16,"column":11},"end":{"line":16,"column":30}},{"start":{"line":16,"column":34},"end":{"line":16,"column":47}}],"line":16}},"s":{"0":10},"f":{"0":10},"b":{"0":[10,0],"1":[10,0]},"_coverageSchema":"1a1c01bbd47fc00a2c39e90264f33305004495a9","hash":"2a305bde01d96ff738639687d3ec1ee7316c327e"}
,"C:\\Users\\jenishs\\OneDrive - Autodesk\\Desktop\\Test\\sjs\\Pro\\test\\Auro_Connect\\frontend\\src\\components\\SkillsSection.jsx": {"path":"C:\\Users\\jenishs\\OneDrive - Autodesk\\Desktop\\Test\\sjs\\Pro\\test\\Auro_Connect\\frontend\\src\\components\\SkillsSection.jsx","statementMap":{"0":{"start":{"line":4,"column":22},"end":{"line":83,"column":1}},"1":{"start":{"line":5,"column":35},"end":{"line":5,"column":50}},"2":{"start":{"line":6,"column":29},"end":{"line":6,"column":60}},"3":{"start":{"line":7,"column":33},"end":{"line":7,"column":45}},"4":{"start":{"line":9,"column":24},"end":{"line":14,"column":2}},"5":{"start":{"line":10,"column":2},"end":{"line":13,"column":3}},"6":{"start":{"line":11,"column":3},"end":{"line":11,"column":36}},"7":{"start":{"line":12,"column":3},"end":{"line":12,"column":19}},"8":{"start":{"line":16,"column":27},"end":{"line":18,"column":2}},"9":{"start":{"line":17,"column":2},"end":{"line":17,"column":47}},"10":{"start":{"line":17,"column":33},"end":{"line":17,"column":44}},"11":{"start":{"line":20,"column":20},"end":{"line":23,"column":2}},"12":{"start":{"line":21,"column":2},"end":{"line":21,"column":21}},"13":{"start":{"line":22,"column":2},"end":{"line":22,"column":22}},"14":{"start":{"line":25,"column":1},"end":{"line":82,"column":3}},"15":{"start":{"line":30,"column":5},"end":{"line":40,"column":12}},"16":{"start":{"line":36,"column":30},"end":{"line":36,"column":54}},"17":{"start":{"line":50,"column":23},"end":{"line":50,"column":50}},"18":{"start":{"line":73,"column":22},"end":{"line":73,"column":40}}},"fnMap":{"0":{"name":"(anonymous_0)","decl":{"start":{"line":4,"column":22},"end":{"line":4,"column":23}},"loc":{"start":{"line":4,"column":62},"end":{"line":83,"column":1}},"line":4},"1":{"name":"(anonymous_1)","decl":{"start":{"line":9,"column":24},"end":{"line":9,"column":25}},"loc":{"start":{"line":9,"column":30},"end":{"line":14,"column":2}},"line":9},"2":{"name":"(anonymous_2)","decl":{"start":{"line":16,"column":27},"end":{"line":16,"column":28}},"loc":{"start":{"line":16,"column":38},"end":{"line":18,"column":2}},"line":16},"3":{"name":"(anonymous_3)","decl":{"start":{"line":17,"column":26},"end":{"line":17,"column":27}},"loc":{"start":{"line":17,"column":33},"end":{"line":17,"column":44}},"line":17},"4":{"name":"(anonymous_4)","decl":{"start":{"line":20,"column":20},"end":{"line":20,"column":21}},"loc":{"start":{"line":20,"column":26},"end":{"line":23,"column":2}}
[...]
,"C:\\Users\\jenishs\\OneDrive - Autodesk\\Desktop\\Test\\sjs\\Pro\\test\\Auro_Connect\\frontend\\src\\pages\\NetworkPage.jsx": {"path":"C:\\Users\\jenishs\\OneDrive - Autodesk\\Desktop\\Test\\sjs\\Pro\\test\\Auro_Connect\\frontend\\src\\pages\\NetworkPage.jsx","statementMap":{"0":{"start":{"line":8,"column":20},"end":{"line":65,"column":1}},"1":{"start":{"line":9,"column":24},"end":{"line":9,"column":60}},"2":{"start":{"line":11,"column":38},"end":{"line":14,"column":3}},"3":{"start":{"line":13,"column":17},"end":{"line":13,"column":59}},"4":{"start":{"line":16,"column":31},"end":{"line":19,"column":3}},"5":{"start":{"line":18,"column":17},"end":{"line":18,"column":50}},"6":{"start":{"line":21,"column":1},"end":{"line":64,"column":3}},"7":{"start":{"line":35,"column":9},"end":{"line":35,"column":61}},"8":{"start":{"line":56,"column":9},"end":{"line":56,"column":80}}},"fnMap":{"0":{"name":"(anonymous_0)","decl":{"start":{"line":8,"column":20},"end":{"line":8,"column":21}},"loc":{"start":{"line":8,"column":26},"end":{"line":65,"column":1}},"line":8},"1":{"name":"(anonymous_1)","decl":{"start":{"line":13,"column":11},"end":{"line":13,"column":12}},"loc":{"start":{"line":13,"column":17},"end":{"line":13,"column":59}},"line":13},"2":{"name":"(anonymous_2)","decl":{"start":{"line":18,"column":11},"end":{"line":18,"column":12}},"loc":{"start":{"line":18,"column":17},"end":{"line":18,"column":50}},"line":18},"3":{"name":"(anonymous_3)","decl":{"start":{"line":34,"column":37},"end":{"line":34,"column":38}},"loc":{"start":{"line":35,"column":9},"end":{"line":35,"column":61}},"line":35},"4":{"name":"(anonymous_4)","decl":{"start":{"line":55,"column":30},"end":{"line":55,"column":31}},"loc":{"start":{"line":56,"column":9},"end":{"line":56,"column":80}},"line":56}},"branchMap":{"0":{"loc":{"start":{"line":30,"column":6},"end":{"line":50,"column":6}},"type":"cond-expr","locations":[{"start":{"line":31,"column":6},"end":{"line":38,"column":12}},{"start":{"line":40,"column":6},"end":{"line":49,"column":12}}],"line":30},"1":{"loc":{"start":{"line":51,"column":6},"end":{"line":60,"column":6}},"type":"binary-expr","locations":[{"start":{"line":51,"column":6},"end":{"line":51,"column":35}},{"start":{"line":52,"column":6},"end":{"line":59,"column":12}}],"line":51}},"s":{"0":1,"1":0,"2":0,"3":0,"4":0,"5":0,"6":0,"7":0,"8":0},"f":{"0":0,"1":0,"2":0,"3":0,"4":0},"b":{"0":[0,0],"1":[0,0]},"_coverageSchema":"1a1c01bbd47fc00a2c39e90264f33305004495a9","hash":"acd0d6cbd69f65cd46c2860a94d8eb7326527b85"}
,"C:\\Users\\jenishs\\OneDrive - Autodesk\\Desktop\\Test\\sjs\\Pro\\test\\Auro_Connect\\frontend\\src\\pages\\NotificationsPage.jsx": {"path":"C:\\Users\\jenishs\\OneDrive - Autodesk\\Desktop\\Test\\sjs\\Pro\\test\\Auro_Connect\\frontend\\src\\pages\\NotificationsPage.jsx","statementMap":{"0":{"start":{"line":16,"column":26},"end":{"line":198,"column":1}},"1":{"start":{"line":17,"column":28},"end":{"line":17,"column":64}},"2":{"start":{"line":19,"column":21},"end":{"line":19,"column":37}},"3":{"start":{"line":21,"column":44},"end":{"line":24,"column":3}},"4":{"start":{"line":23,"column":17},"end":{"line":23,"column":52}},"5":{"start":{"line":26,"column":40},"end":{"line":31,"column":3}},"6":{"start":{"line":27,"column":22},"end":{"line":27,"column":68}},"7":{"start":{"line":29,"column":3},"end":{"line":29,"column":52}},"8":{"start":{"line":33,"column":48},"end":{"line":39,"column":3}},"9":{"start":{"line":34,"column":22},"end":{"line":34,"column":66}},"10":{"start":{"line":36,"column":3},"end":{"line":36,"column":52}},"11":{"start":{"line":37,"column":3},"end":{"line":37,"column":41}},"12":{"start":{"line":41,"column":32},"end":{"line":53,"column":2}},"13":{"start":{"line":42,"column":2},"end":{"line":52,"column":3}},"14":{"start":{"line":44,"column":4},"end":{"line":44,"column":50}},"15":{"start":{"line":47,"column":4},"end":{"line":47,"column":56}},"16":{"start":{"line":49,"column":4},"end":{"line":49,"column":52}},"17":{"start":{"line":51,"column":4},"end":{"line":51,"column":16}},"18":{"start":{"line":55,"column":35},"end":{"line":88,"column":2}},"19":{"start":{"line":56,"column":2},"end":{"line":87,"column":3}},"20":{"start":{"line":58,"column":4},"end":{"line":62,"column":6}},"21":{"start":{"line":64,"column":4},"end":{"line":73,"column":6}},"22":{"start":{"line":75,"column":4},"end":{"line":84,"column":6}},"23":{"start":{"line":86,"column":4},"end":{"line":86,"column":16}},"24":{"start":{"line":90,"column":27},"end":{"line":112,"column":2}},"25":{"start":{"line":91,"column":2},"end":{"line":91,"column":32}},"26":{"start":{"line":91,"column":20},"end":{"line":91,"column":32}},"27":{"start":{"line":93,"column":2},"end":{"line":111,"column":4}},"28":{"start":{"line":114,"column":1},"end":{"line":197,"column":3}},"29":{"start":{"line":128,"column":8},"end":{"line":188,"column":13}},"30":{"start":{"line":171,"column":28},"end":{"line":171,"column":64}},"31":{"start":{"line":180,"column":13},"end":{"line":180,"column":57}}},"fnMap":{"0":{"name":"(anonymous_0)","decl":{"start":{"line":16,"column":26},"end":{"line":16,"column":27}},"loc":{"start":{"line":16,"column":32},"end":{"line":198,"column":1}},"line":16},"1":{"name":"(anonymous_1)","decl":{"start":{"line":23,"column":11},"end":{"line":23,"column":12}},"loc":{"start":{"line":23,"column":17},"end":{"line":23,"column":52}},"line":23},"2":{"name":"(anonymous_2)","decl":{"start":{"line":27,"column":14},"end":{"line":27,"column":15}},"loc":{"start":{"line":27,"column":22},"end":{"line":27,"column":68}},"line":27},"3":{"name":"(anonymous_3)","decl":{"start":{"line":28,"column":13},"end":{"line":28,"column":14}},"loc":{"start":{"line":28,"column":19},"end":{"line":30,"column":3}},"line":28},"4":{"name":"(anonymous_4)","decl":{"start":{"line":34,"column":14},"end":{"line":34,"column":15}},"loc":{"start":{"line":34,"column":22},"end":{"line":34,"column":66}},"line":34},"5":{"name":"(anonymous_5)","decl":{"start":{"line":35,"column":13},"end":{"line":35,"column":14}},"loc":{"start":{"line":35,"column":19},"end":{"line":38,"column":3}},"line":35},"6":{"name":"(anonymous_6)","decl":{"start":{"line":41,"column":32},"end":{"line":41,"column":33}},"loc":{"start":{"line":41,"column":42},"end":{"line":53,"column":2}},"line":41},"7":{"name":"(anonymous_7)","decl":{"start":{"line":55,"column":35},"end":{"line":55,"column":36}},"loc":{"start":{"line":55,"column":53},"end":{"line":88,"column":2}},"line":55},"8":{"name":"(anonymous_8)","decl":{"start":{"line":90,"column":27},"end":{"line":90,"column":28}},"loc":{"start":{"line":90,"column":44},"end":{"line":112,"column":2}},"line":90},"9":{"name":"(anonymous_9)","decl":{"start":{"line":127,"column":31},"end":{"line":127,"column":32}},"loc":{"start":{"line":128,"column":8},"end":{"line":188,"column":13}},"line":128},"10":{"name":"(anonymous_10)","decl":{"start":{"line":171,"column":22},"end":{"line":171,"column":23}},"loc":{"start":{"line":171,"column":28},"end":{"line":171,"column":64}},"line":171},"11":{"name":"(anonymous_11)","decl":{"start":{"line":179,"column":21},"end":{"line":179,"column":22}},"loc":{"start":{"line":180,"column":13},"end":{"line":180,"column":57}},"line":180}},"branchMap":{"0":{"loc":{"start":{"line":42,"column":2},"end":{"line":52,"column":3}},"type":"switch","locations":[{"start":{"line":43,"column":3},"end":{"line":44,"column":50}},{"start":{"line":46,"column":3},"end":{"line":47,"column":56}},{"start":{"line":48,"column":3},"end":{"line":49,"column":52}},{"start":{"line":50,"column":3},"end":{"line":51,"column":16}}],"line":42},"1":{"loc":{"start":{"line":56,"column":2},"end":{"line":87,"column":3}},"type":"switch","locations":[{"start":{"line":57,"column":3},"end":{"line":62,"column":6}},{"start":{"line":63,"column":3},"end":{"line":73,"column":6}},{"start":{"line":74,"column":3},"end":{"line":84,"column":6}},{"start":{"line":85,"column":3},"end":{"line":86,"column":16}}],"line":56},"2":{"loc":{"start":{"line":91,"column":2},"end":{"line":91,"column":32}},"type":"if","locations":[{"start":{"line":91,"column":2},"end":{"line":91,"column":32}},{"start":{},"end":{}}],"line":91},"3":{"loc":{"start":{"line":97,"column":5},"end":{"line":103,"column":5}},"type":"binary-expr","locations":[{"start":{"line":97,"column":5},"end":{"line":97,"column":22}},{"start":{"line":98,"column":5},"end":{"line":102,"column":7}}],"line":97},"4":{"loc":{"start":{"line":123,"column":6},"end":{"line":193,"column":6}},"type":"cond-expr","locations":[{"start":{"line":124,"column":6},"end":{"line":124,"column":37}},{"start":{"line":125,"column":9},"end":{"line":193,"column":6}}],"line":123},"5":{"loc":{"start":{"line":125,"column":9},"end":{"line":193,"column":6}},"type":"cond-expr","locations":[{"start":{"line":126,"column":6},"end":{"line":190,"column":11}},{"start":{"line":192,"column":6},"end":{"line":192,"column":43}}],"line":125},"6":{"loc":{"start":{"line":125,"column":9},"end":{"line":125,"column":55}},"type":"binary-expr","locations":[{"start":{"line":125,"column":9},"end":{"line":125,"column":22}},{"start":{"line":125,"column":26},"end":{"line":125,"column":55}}],"line":125},"7":{"loc":{"start":{"line":131,"column":10},"end":{"line":131,"column":68}},"type":"cond-expr","locations":[{"start":{"line":131,"column":31},"end":{"line":131,"column":48}},{"start":{"line":131,"column":51},"end":{"line":131,"column":68}}],"line":131},"8":{"loc":{"start":{"line":139,"column":14},"end":{"line":140,"column":27}},"type":"binary-expr","locations":[{"start":{"line":139,"column":14},"end":{"line":139,"column":53}},{"start":{"line":140,"column":14},"end":{"line":140,"column":27}}],"line":139},"9":{"loc":{"start":{"line":169,"column":12},"end":{"line":176,"column":12}},"type":"binary-expr","locations":[{"start":{"line":169,"column":12},"end":{"line":169,"column":30}},{"start":{"line":170,"column":12},"end":{"line":175,"column":21}}],"line":169}},"s":{"0":1,"1":0,"2":0,"3":0,"4":0,"5":0,"6":0,"7":0,"8":0,"9":0,"10":0,"11":0,"12":0,"13":0,"14":0,"15":0,"16":0,"17":0,"18":0,"19":0,"20":0,"21":0,"22":0,"23":0,"24":0,"25":0,"26":0,"27":0,"28":0,"29":0,"30":0,"31":0},"f":{"0":0,"1":0,"2":0,"3":0,"4":0,"5":0,"6":0,"7":0,"8":0,"9":0,"10":0,"11":0},"b":{"0":[0,0,0,0],"1":[0,0,0,0],"2":[0,0],"3":[0,0],"4":[0,0],"5":[0,0],"6":[0,0],"7":[0,0],"8":[0,0],"9":[0,0]},"_coverageSchema":"1a1c01bbd47fc00a2c39e90264f33305004495a9","hash":"44b5217aa1ef985ad8fdef41e5df77e31859e8db"}
,"C:\\Users\\jenishs\\OneDrive - Autodesk\\Desktop\\Test\\sjs\\Pro\\test\\Auro_Connect\\frontend\\src\\pages\\PostPage.jsx": {"path":"C:\\Users\\jenishs\\OneDrive - Autodesk\\Desktop\\Test\\sjs\\Pro\\test\\Auro_Connect\\frontend\\src\\pages\\PostPage.jsx","statementMap":{"0":{"start":{"line":7,"column":17},"end":{"line":30,"column":1}},"1":{"start":{"line":8,"column":20},"end":{"line":8,"column":31}},"2":{"start":{"line":9,"column":28},"end":{"line":9,"column":64}},"3":{"start":{"line":11,"column":35},"end":{"line":14,"column":3}},"4":{"start":{"line":13,"column":17},"end":{"line":13,"column":54}},"5":{"start":{"line":16,"column":1},"end":{"line":16,"column":50}},"6":{"start":{"line":16,"column":16},"end":{"line":16,"column":50}},"7":{"start":{"line":17,"column":1},"end":{"line":17,"column":51}},"8":{"start":{"line":17,"column":18},"end":{"line":17,"column":51}},"9":{"start":{"line":19,"column":1},"end":{"line":29,"column":3}}},"fnMap":{"0":{"name":"(anonymous_0)","decl":{"start":{"line":7,"column":17},"end":{"line":7,"column":18}},"loc":{"start":{"line":7,"column":23},"end":{"line":30,"column":1}},"line":7},"1":{"name":"(anonymous_1)","decl":{"start":{"line":13,"column":11},"end":{"line":13,"column":12}},"loc":{"start":{"line":13,"column":17},"end":{"line":13,"column":54}},"line":13}},"branchMap":{"0":{"loc":{"start":{"line":16,"column":1},"end":{"line":16,"column":50}},"type":"if","locations":[{"start":{"line":16,"column":1},"end":{"line":16,"column":50}},{"start":{},"end":{}}],"line":16},"1":{"loc":{"start":{"line":17,"column":1},"end":{"line":17,"column":51}},"type":"if","locations":[{"start":{"line":17,"column":1},"end":{"line":17,"column":51}},{"start":{},"end":{}}],"line":17}},"s":{"0":1,"1":0,"2":0,"3":0,"4":0,"5":0,"6":0,"7":0,"8":0,"9":0},"f":{"0":0,"1":0},"b":{"0":[0,0],"1":[0,0]},"_coverageSchema":"1a1c01bbd47fc00a2c39e90264f33305004495a9","hash":"3b722123e3eb93c63f4145e0d7e215d862e8fcf9"}
,"C:\\Users\\jenishs\\OneDrive - Autodesk\\Desktop\\Test\\sjs\\Pro\\test\\Auro_Connect\\frontend\\src\\pages\\ProfilePage.jsx": {"path":"C:\\Users\\jenishs\\OneDrive - Autodesk\\Desktop\\Test\\sjs\\Pro\\test\\Auro_Connect\\frontend\\src\\pages\\ProfilePage.jsx","statementMap":{"0":{"start":{"line":12,"column":20},"end":{"line":53,"column":1}},"1":{"start":{"line":13,"column":22},"end":{"line":13,"column":33}},"2":{"start":{"line":14,"column":21},"end":{"line":14,"column":37}},"3":{"start":{"line":16,"column":39},"end":{"line":18,"column":3}},"4":{"start":{"line":20,"column":64},"end":{"line":23,"column":3}},"5":{"start":{"line":22,"column":17},"end":{"line":22,"column":56}},"6":{"start":{"line":25,"column":35},"end":{"line":33,"column":3}},"7":{"start":{"line":27,"column":3},"end":{"line":27,"column":58}},"8":{"start":{"line":30,"column":3},"end":{"line":30,"column":49}},"9":{"start":{"line":31,"column":3},"end":{"line":31,"column":60}},"10":{"start":{"line":35,"column":1},"end":{"line":35,"column":52}},"11":{"start":{"line":35,"column":40},"end":{"line":35,"column":52}},"12":{"start":{"line":37,"column":22},"end":{"line":37,"column":69}},"13":{"start":{"line":38,"column":18},"end":{"line":38,"column":60}},"14":{"start":{"line":40,"column":20},"end":{"line":42,"column":2}},"15":{"start":{"line":41,"column":2},"end":{"line":41,"column":29}},"16":{"start":{"line":44,"column":1},"end":{"line":52,"column":3}}},"fnMap":{"0":{"name":"(anonymous_0)","decl":{"start":{"line":12,"column":20},"end":{"line":12,"column":21}},"loc":{"start":{"line":12,"column":26},"end":{"line":53,"column":1}},"line":12},"1":{"name":"(anonymous_1)","decl":{"start":{"line":22,"column":11},"end":{"line":22,"column":12}},"loc":{"start":{"line":22,"column":17},"end":{"line":22,"column":56}},"line":22},"2":{"name":"(anonymous_2)","decl":{"start":{"line":26,"column":14},"end":{"line":26,"column":15}},"loc":{"start":{"line":26,"column":37},"end":{"line":28,"column":3}},"line":26},"3":{"name":"(anonymous_3)","decl":{"start":{"line":29,"column":13},"end":{"line":29,"column":14}},"loc":{"start":{"line":29,"column":19},"end":{"line":32,"column":3}},"line":29},"4":{"name":"(anonymous_4)","decl":{"start":{"line":40,"column":20},"end":{"line":40,"column":21}},"loc":{"start":{"line":40,"column":37},"end":{"line":42,"column":2}},"line":40}},"branchMap":{"0":{"loc":{"start":{"line":35,"column":1},"end":{"line":35,"column":52}},"type":"if","locations":[{"start":{"line":35,"column":1},"end":{"line":35,"column":52}},{"start":{},"end":{}}],"line":35},"1":{"loc":{"start":{"line":35,"column":5},"end":{"line":35,"column":38}},"type":"binary-expr","locations":[{"start":{"line":35,"column":5},"end":{"line":35,"column":14}},{"start":{"line":35,"column":18},"end":{"line":35,"column":38}}],"line":35},"2":{"loc":{"start":{"line":38,"column":18},"end":{"line":38,"column":60}},"type":"cond-expr","locations":[{"start":{"line":38,"column":33},"end":{"line":38,"column":41}},{"start":{"line":38,"column":44},"end":{"line":38,"column":60}}],"line":38}},"s":{"0":1,"1":0,"2":0,"3":0,"4":0,"5":0,"6":0,"7":0,"8":0,"9":0,"10":0,"11":0,"12":0,"13":0,"14":0,"15":0,"16":0},"f":{"0":0,"1":0,"2":0,"3":0,"4":0},"b":{"0":[0,0],"1":[0,0],"2":[0,0]},"_coverageSchema":"1a1c01bbd47fc00a2c39e90264f33305004495a9","hash":"363291275fdb945848ea6ef45b8a5179d03ee89b"}
,"C:\\Users\\jenishs\\OneDrive - Autodesk\\Desktop\\Test\\sjs\\Pro\\test\\Auro_Connect\\frontend\\src\\pages\\auth\\LoginPage.jsx": {"path":"C:\\Users\\jenishs\\OneDrive - Autodesk\\Desktop\\Test\\sjs\\Pro\\test\\Auro_Connect\\frontend\\src\\pages\\auth\\LoginPage.jsx","statementMap":{"0":{"start":{"line":5,"column":18},"end":{"line":48,"column":1}},"1":{"start":{"line":6,"column":1},"end":{"line":47,"column":3}}},"fnMap":{"0":{"name":"(anonymous_0)","decl":{"start":{"line":5,"column":18},"end":{"line":5,"column":19}},"loc":{"start":{"line":5,"column":24},"end":{"line":48,"column":1}},"line":5}},"branchMap":{},"s":{"0":2,"1":5},"f":{"0":5},"b":{},"_coverageSchema":"1a1c01bbd47fc00a2c39e90264f33305004495a9","hash":"a65c9bc264607a9e193ec6a0e2770754a5fada86"}
,"C:\\Users\\jenishs\\OneDrive - Autodesk\\Desktop\\Test\\sjs\\Pro\\test\\Auro_Connect\\frontend\\src\\pages\\auth\\SignUpPage.jsx": {"path":"C:\\Users\\jenishs\\OneDrive - Autodesk\\Desktop\\Test\\sjs\\Pro\\test\\Auro_Connect\\frontend\\src\\pages\\auth\\SignUpPage.jsx","statementMap":{"0":{"start":{"line":4,"column":19},"end":{"line":46,"column":1}},"1":{"start":{"line":5,"column":1},"end":{"line":45,"column":3}}},"fnMap":{"0":{"name":"(anonymous_0)","decl":{"start":{"line":4,"column":19},"end":{"line":4,"column":20}},"loc":{"start":{"line":4,"column":25},"end":{"line":46,"column":1}},"line":4}},"branchMap":{},"s":{"0":2,"1":5},"f":{"0":5},"b":{},"_coverageSchema":"1a1c01bbd47fc00a2c39e90264f33305004495a9","hash":"440702efdcc74f8d252148e13e0c1f9f4fa49f7a"}
,"C:\\Users\\jenishs\\OneDrive - Autodesk\\Desktop\\Test\\sjs\\Pro\\test\\Auro_Connect\\frontend\\src\\utils\\dateUtils.js": {"path":"C:\\Users\\jenishs\\OneDrive - Autodesk\\Desktop\\Test\\sjs\\Pro\\test\\Auro_Connect\\frontend\\src\\utils\\dateUtils.js","statementMap":{"0":{"start":{"line":3,"column":26},"end":{"line":6,"column":1}},"1":{"start":{"line":4,"column":14},"end":{"line":4,"column":34}},"2":{"start":{"line":5,"column":1},"end":{"line":5,"column":61}}},"fnMap":{"0":{"name":"(anonymous_0)","decl":{"start":{"line":3,"column":26},"end":{"line":3,"column":27}},"loc":{"start":{"line":3,"column":42},"end":{"line":6,"column":1}},"line":3}},"branchMap":{"0":{"loc":{"start":{"line":5,"column":8},"end":{"line":5,"column":60}},"type":"cond-expr","locations":[{"start":{"line":5,"column":24},"end":{"line":5,"column":48}},{"start":{"line":5,"column":51},"end":{"line":5,"column":60}}],"line":5}},"s":{"0":1,"1":0,"2":0},"f":{"0":0},"b":{"0":[0,0]},"_coverageSchema":"1a1c01bbd47fc00a2c39e90264f33305004495a9","hash":"61491cfda015c8d132cb4fbcc8052cdfcf4816d9"}
,"C:\\Users\\jenishs\\OneDrive - Autodesk\\Desktop\\Test\\sjs\\Pro\\test\\Auro_Connect\\frontend\\src\\utils\\testUtils.jsx": {"path":"C:\\Users\\jenishs\\OneDrive - Autodesk\\Desktop\\Test\\sjs\\Pro\\test\\Auro_Connect\\frontend\\src\\utils\\testUtils.jsx","statementMap":{"0":{"start":{"line":6,"column":35},"end":{"line":26,"column":1}},"1":{"start":{"line":7,"column":22},"end":{"line":13,"column":4}},"2":{"start":{"line":15,"column":26},"end":{"line":23,"column":3}},"3":{"start":{"line":16,"column":4},"end":{"line":22,"column":6}},"4":{"start":{"line":25,"column":2},"end":{"line":25,"column":62}},"5":{"start":{"line":29,"column":24},"end":{"line":38,"column":1}},"6":{"start":{"line":41,"column":24},"end":{"line":56,"column":1}}},"fnMap":{"0":{"name":"(anonymous_0)","decl":{"start":{"line":6,"column":35},"end":{"line":6,"column":36}},"loc":{"start":{"line":6,"column":57},"end":{"line":26,"column":1}},"line":6},"1":{"name":"(anonymous_1)","decl":{"start":{"line":15,"column":26},"end":{"line":15,"column":27}},"loc":{"start":{"line":15,"column":44},"end":{"line":23,"column":3}},"line":15}},"branchMap":{"0":{"loc":{"start":{"line":6,"column":40},"end":{"line":6,"column":52}},"type":"default-arg","locations":[{"start":{"line":6,"column":50},"end":{"line":6,"column":52}}],"line":6}},"s":{"0":10,"1":75,"2":75,"3":75,"4":75,"5":10,"6":10},"f":{"0":75,"1":75},"b":{"0":[75]},"_coverageSchema":"1a1c01bbd47fc00a2c39e90264f33305004495a9","hash":"0a6afd3eccf82cd487775ddc8568c8db8a8d986b"}
}
