TN:
SF:src\App.jsx
FN:18,App
FN:21,(anonymous_1)
FNF:2
FNH:1
FNDA:5,App
FNDA:0,(anonymous_1)
DA:19,5
DA:22,0
DA:23,0
DA:24,0
DA:26,0
DA:27,0
DA:29,0
DA:34,5
DA:35,0
DA:42,5
LF:10
LH:3
BRDA:26,0,0,0
BRDA:26,0,1,0
BRDA:26,1,0,0
BRDA:26,1,1,0
BRDA:29,2,0,0
BRDA:29,2,1,0
BRDA:34,3,0,0
BRDA:34,3,1,5
BRDA:48,4,0,5
BRDA:48,4,1,0
BRDA:52,5,0,0
BRDA:52,5,1,5
BRDA:56,6,0,0
BRDA:56,6,1,5
BRDA:61,7,0,5
BRDA:61,7,1,0
BRDA:66,8,0,5
BRDA:66,8,1,0
BRDA:70,9,0,5
BRDA:70,9,1,0
BRDA:74,10,0,5
BRDA:74,10,1,0
BRDA:78,11,0,5
BRDA:78,11,1,0
BRDA:82,12,0,5
BRDA:82,12,1,0
BRF:26
BRH:10
end_of_record
TN:
SF:src\components\AboutSection.jsx
FN:3,(anonymous_0)
FN:7,(anonymous_1)
FN:20,(anonymous_2)
FN:36,(anonymous_3)
FNF:4
FNH:0
FNDA:0,(anonymous_0)
FNDA:0,(anonymous_1)
FNDA:0,(anonymous_2)
FNDA:0,(anonymous_3)
DA:3,1
DA:4,0
DA:5,0
DA:7,0
DA:8,0
DA:9,0
DA:11,0
DA:20,0
DA:36,0
LF:9
LH:1
BRDA:5,0,0,0
BRDA:5,0,1,0
BRDA:14,1,0,0
BRDA:14,1,1,0
BRDA:16,2,0,0
BRDA:16,2,1,0
BRF:6
BRH:0
end_of_record
TN:
SF:src\components\Calender.jsx
FN:12,(anonymous_0)
FN:25,(anonymous_1)
FN:26,(anonymous_2)
FN:30,(anonymous_3)
FN:36,(anonymous_4)
FN:40,(anonymous_5)
FN:46,(anonymous_6)
FN:63,(anonymous_7)
FN:75,(anonymous_8)
FN:80,(anonymous_9)
FNF:10
FNH:0
FNDA:0,(anonymous_0)
FNDA:0,(anonymous_1)
FNDA:0,(anonymous_2)
FNDA:0,(anonymous_3)
FNDA:0,(anonymous_4)
FNDA:0,(anonymous_5)
FNDA:0,(anonymous_6)
FNDA:0,(anonymous_7)
FNDA:0,(anonymous_8)
FNDA:0,(anonymous_9)
DA:10,1
DA:12,1
DA:13,0
DA:14,0
DA:15,0
DA:20,0
DA:23,0
DA:25,0
DA:26,0
DA:29,0
DA:31,0
DA:34,0
DA:37,0
DA:38,0
DA:41,0
DA:42,0
DA:46,0
DA:47,0
DA:50,0
DA:51,0
DA:58,0
DA:59,0
DA:63,0
DA:75,0
DA:76,0
DA:77,0
DA:80,0
DA:81,0
DA:82,0
DA:85,0
LF:30
LH:2
BRDA:37,0,0,0
BRDA:37,0,1,0
BRDA:42,1,0,0
BRDA:42,1,1,0
BRDA:50,2,0,0
BRDA:50,2,1,0
BRDA:58,3,0,0
BRDA:58,3,1,0
BRDA:58,4,0,0
BRDA:58,4,1,0
BRDA:102,5,0,0
BRDA:102,5,1,0
BRDA:108,6,0,0
BRDA:108,6,1,0
BRDA:149,7,0,0
BRDA:149,7,1,0
BRF:16
BRH:0
end_of_record
TN:
SF:src\components\CurrentContest.jsx
FN:6,(anonymous_0)
FN:9,(anonymous_1)
FN:10,(anonymous_2)
FN:21,(anonymous_3)
FN:50,(anonymous_4)
FNF:5
FNH:1
FNDA:10,(anonymous_0)
FNDA:0,(anonymous_1)
FNDA:0,(anonymous_2)
FNDA:0,(anonymous_3)
FNDA:0,(anonymous_4)
DA:6,2
DA:7,10
DA:9,0
DA:10,0
DA:13,10
DA:15,10
DA:16,0
DA:21,10
DA:22,0
DA:25,10
DA:51,0
LF:11
LH:6
BRDA:15,0,0,0
BRDA:15,0,1,10
BRDA:33,1,0,0
BRDA:33,1,1,10
BRDA:33,2,0,10
BRDA:33,2,1,0
BRDA:39,3,0,10
BRDA:39,3,1,0
BRDA:43,4,0,0
BRDA:43,4,1,0
BRDA:43,5,0,0
BRDA:43,5,1,0
BRDA:49,6,0,0
BRDA:49,6,1,0
BRDA:49,7,0,0
BRDA:49,7,1,0
BRF:16
BRH:4
end_of_record
TN:
SF:src\components\EducationSection.jsx
FN:4,(anonymous_0)
FN:14,(anonymous_1)
FN:26,(anonymous_2)
FN:27,(anonymous_3)
FN:30,(anonymous_4)
FN:38,(anonymous_5)
FN:51,(anonymous_6)
FN:63,(anonymous_7)
FN:70,(anonymous_8)
FN:77,(anonymous_9)
FN:84,(anonymous_10)
FN:108,(anonymous_11)
FNF:12
FNH:0
FNDA:0,(anonymous_0)
FNDA:0,(anonymous_1)
FNDA:0,(anonymous_2)
FNDA:0,(anonymous_3)
FNDA:0,(anonymous_4)
FNDA:0,(anonymous_5)
FNDA:0,(anonymous_6)
FNDA:0,(anonymous_7)
FNDA:0,(anonymous_8)
FNDA:0,(anonymous_9)
FNDA:0,(anonymous_10)
FNDA:0,(anonymous_11)
DA:4,1
DA:5,0
DA:6,0
DA:7,0
DA:14,0
DA:15,0
DA:16,0
DA:17,0
DA:26,0
DA:27,0
DA:30,0
DA:31,0
DA:32,0
DA:35,0
DA:39,0
DA:51,0
DA:63,0
DA:70,0
DA:77,0
DA:84,0
DA:108,0
LF:21
LH:1
BRDA:6,0,0,0
BRDA:6,0,1,0
BRDA:15,1,0,0
BRDA:15,1,1,0
BRDA:15,2,0,0
BRDA:15,2,1,0
BRDA:15,2,2,0
BRDA:46,3,0,0
BRDA:46,3,1,0
BRDA:50,4,0,0
BRDA:50,4,1,0
BRDA:57,5,0,0
BRDA:57,5,1,0
BRDA:96,6,0,0
BRDA:96,6,1,0
BRDA:98,7,0,0
BRDA:98,7,1,0
BRF:17
BRH:0
end_of_record
TN:
SF:src\components\ExperienceSection.jsx
FN:5,(anonymous_0)
FN:17,(anonymous_1)
FN:36,(anonymous_2)
FN:37,(anonymous_3)
FN:40,(anonymous_4)
FN:45,(anonymous_5)
FN:56,(anonymous_6)
FN:72,(anonymous_7)
FN:86,(anonymous_8)
FN:95,(anonymous_9)
FN:104,(anonymous_10)
FN:124,(anonymous_11)
FN:133,(anonymous_12)
FN:159,(anonymous_13)
FNF:14
FNH:0
FNDA:0,(anonymous_0)
FNDA:0,(anonymous_1)
FNDA:0,(anonymous_2)
FNDA:0,(anonymous_3)
FNDA:0,(anonymous_4)
FNDA:0,(anonymous_5)
FNDA:0,(anonymous_6)
FNDA:0,(anonymous_7)
FNDA:0,(anonymous_8)
FNDA:0,(anonymous_9)
FNDA:0,(anonymous_10)
FNDA:0,(anonymous_11)
FNDA:0,(anonymous_12)
FNDA:0,(anonymous_13)
DA:5,1
DA:6,0
DA:7,0
DA:8,0
DA:17,0
DA:18,0
DA:23,0
DA:25,0
DA:36,0
DA:37,0
DA:40,0
DA:41,0
DA:42,0
DA:45,0
DA:46,0
DA:53,0
DA:57,0
DA:72,0
DA:87,0
DA:96,0
DA:105,0
DA:125,0
DA:134,0
DA:159,0
LF:24
LH:1
BRDA:7,0,0,0
BRDA:7,0,1,0
BRDA:18,1,0,0
BRDA:18,1,1,0
BRDA:19,2,0,0
BRDA:19,2,1,0
BRDA:19,2,2,0
BRDA:49,3,0,0
BRDA:49,3,1,0
BRDA:65,4,0,0
BRDA:65,4,1,0
BRDA:70,5,0,0
BRDA:70,5,1,0
BRDA:80,6,0,0
BRDA:80,6,1,0
BRDA:119,7,0,0
BRDA:119,7,1,0
BRDA:149,8,0,0
BRDA:149,8,1,0
BRDA:151,9,0,0
BRDA:151,9,1,0
BRF:21
BRH:0
end_of_record
TN:
SF:src\components\FriendRequest.jsx
FN:6,(anonymous_0)
FN:10,(anonymous_1)
FN:11,(anonymous_2)
FN:15,(anonymous_3)
FN:21,(anonymous_4)
FN:22,(anonymous_5)
FN:26,(anonymous_6)
FN:53,(anonymous_7)
FN:59,(anonymous_8)
FNF:9
FNH:3
FNDA:9,(anonymous_0)
FNDA:0,(anonymous_1)
FNDA:0,(anonymous_2)
FNDA:0,(anonymous_3)
FNDA:0,(anonymous_4)
FNDA:0,(anonymous_5)
FNDA:0,(anonymous_6)
FNDA:1,(anonymous_7)
FNDA:1,(anonymous_8)
DA:6,2
DA:7,9
DA:9,9
DA:10,0
DA:12,0
DA:13,0
DA:16,0
DA:20,9
DA:21,0
DA:23,0
DA:24,0
DA:27,0
DA:31,9
DA:53,1
DA:59,1
LF:15
LH:7
BRDA:36,0,0,9
BRDA:36,0,1,2
BRF:2
BRH:2
end_of_record
TN:
SF:src\components\Post.jsx
FN:11,(anonymous_0)
FN:24,(anonymous_1)
FN:27,(anonymous_2)
FN:31,(anonymous_3)
FN:37,(anonymous_4)
FN:40,(anonymous_5)
FN:44,(anonymous_6)
FN:50,(anonymous_7)
FN:53,(anonymous_8)
FN:59,(anonymous_9)
FN:64,(anonymous_10)
FN:69,(anonymous_11)
FN:131,(anonymous_12)
FN:140,(anonymous_13)
FN:164,(anonymous_14)
FNF:15
FNH:1
FNDA:10,(anonymous_0)
FNDA:0,(anonymous_1)
FNDA:0,(anonymous_2)
FNDA:0,(anonymous_3)
FNDA:0,(anonymous_4)
FNDA:0,(anonymous_5)
FNDA:0,(anonymous_6)
FNDA:0,(anonymous_7)
FNDA:0,(anonymous_8)
FNDA:0,(anonymous_9)
FNDA:0,(anonymous_10)
FNDA:0,(anonymous_11)
FNDA:0,(anonymous_12)
FNDA:0,(anonymous_13)
FNDA:0,(anonymous_14)
DA:11,2
DA:12,10
DA:14,10
DA:15,10
DA:16,10
DA:17,10
DA:18,10
DA:19,10
DA:21,10
DA:23,10
DA:25,0
DA:28,0
DA:29,0
DA:32,0
DA:36,10
DA:38,0
DA:41,0
DA:42,0
DA:45,0
DA:49,10
DA:51,0
DA:54,0
DA:55,0
DA:59,10
DA:60,0
DA:61,0
DA:64,10
DA:65,0
DA:66,0
DA:69,10
DA:70,0
DA:71,0
DA:72,0
DA:73,0
DA:74,0
DA:89,10
DA:131,0
DA:141,0
DA:164,0
LF:39
LH:16
BRDA:17,0,0,10
BRDA:17,0,1,0
BRDA:45,1,0,0
BRDA:45,1,1,0
BRDA:60,2,0,0
BRDA:60,2,1,0
BRDA:65,3,0,0
BRDA:65,3,1,0
BRDA:71,4,0,0
BRDA:71,4,1,0
BRDA:96,5,0,10
BRDA:96,5,1,0
BRDA:112,6,0,10
BRDA:112,6,1,10
BRDA:114,7,0,0
BRDA:114,7,1,10
BRDA:119,8,0,10
BRDA:119,8,1,0
BRDA:123,9,0,0
BRDA:123,9,1,10
BRDA:137,10,0,10
BRDA:137,10,1,0
BRDA:143,11,0,0
BRDA:143,11,1,0
BRDA:174,12,0,0
BRDA:174,12,1,0
BRF:26
BRH:8
end_of_record
TN:
SF:src\components\PostAction.jsx
FN:1,PostAction
FNF:1
FNH:1
FNDA:40,PostAction
DA:2,40
LF:1
LH:1
BRF:0
BRH:0
end_of_record
TN:
SF:src\components\PostCreation.jsx
FN:7,(anonymous_0)
FN:15,(anonymous_1)
FN:21,(anonymous_2)
FN:26,(anonymous_3)
FN:31,(anonymous_4)
FN:42,(anonymous_5)
FN:48,(anonymous_6)
FN:58,(anonymous_7)
FN:59,(anonymous_8)
FN:61,(anonymous_9)
FN:75,(anonymous_10)
FNF:11
FNH:1
FNDA:10,(anonymous_0)
FNDA:0,(anonymous_1)
FNDA:0,(anonymous_2)
FNDA:0,(anonymous_3)
FNDA:0,(anonymous_4)
FNDA:0,(anonymous_5)
FNDA:0,(anonymous_6)
FNDA:0,(anonymous_7)
FNDA:0,(anonymous_8)
FNDA:0,(anonymous_9)
FNDA:0,(anonymous_10)
DA:7,2
DA:8,10
DA:9,10
DA:10,10
DA:12,10
DA:14,10
DA:16,0
DA:19,0
DA:22,0
DA:23,0
DA:24,0
DA:27,0
DA:31,10
DA:32,0
DA:33,0
DA:34,0
DA:36,0
DA:38,0
DA:42,10
DA:43,0
DA:44,0
DA:45,0
DA:48,10
DA:49,0
DA:50,0
DA:51,0
DA:52,0
DA:54,0
DA:58,10
DA:59,0
DA:60,0
DA:61,0
DA:62,0
DA:63,0
DA:67,10
DA:75,0
LF:36
LH:11
BRDA:27,0,0,0
BRDA:27,0,1,0
BRDA:34,1,0,0
BRDA:34,1,1,0
BRDA:51,2,0,0
BRDA:51,2,1,0
BRDA:70,3,0,10
BRDA:70,3,1,0
BRDA:79,4,0,10
BRDA:79,4,1,0
BRDA:99,5,0,0
BRDA:99,5,1,10
BRF:12
BRH:3
end_of_record
TN:
SF:src\components\ProfileHeader.jsx
FN:8,(anonymous_0)
FN:17,(anonymous_1)
FN:21,(anonymous_2)
FN:24,(anonymous_3)
FN:25,(anonymous_4)
FN:30,(anonymous_5)
FN:36,(anonymous_6)
FN:37,(anonymous_7)
FN:42,(anonymous_8)
FN:48,(anonymous_9)
FN:49,(anonymous_10)
FN:54,(anonymous_11)
FN:60,(anonymous_12)
FN:61,(anonymous_13)
FN:66,(anonymous_14)
FN:71,(anonymous_15)
FN:77,(anonymous_16)
FN:89,(anonymous_17)
FN:109,(anonymous_18)
FN:115,(anonymous_19)
FN:125,(anonymous_20)
FN:135,(anonymous_21)
FN:139,(anonymous_22)
FN:140,(anonymous_23)
FN:146,(anonymous_24)
FN:200,(anonymous_25)
FN:211,(anonymous_26)
FN:224,(anonymous_27)
FN:244,(anonymous_28)
FNF:29
FNH:0
FNDA:0,(anonymous_0)
FNDA:0,(anonymous_1)
FNDA:0,(anonymous_2)
FNDA:0,(anonymous_3)
FNDA:0,(anonymous_4)
FNDA:0,(anonymous_5)
FNDA:0,(anonymous_6)
FNDA:0,(anonymous_7)
FNDA:0,(anonymous_8)
FNDA:0,(anonymous_9)
FNDA:0,(anonymous_10)
FNDA:0,(anonymous_11)
FNDA:0,(anonymous_12)
FNDA:0,(anonymous_13)
FNDA:0,(anonymous_14)
FNDA:0,(anonymous_15)
FNDA:0,(anonymous_16)
FNDA:0,(anonymous_17)
FNDA:0,(anonymous_18)
FNDA:0,(anonymous_19)
FNDA:0,(anonymous_20)
FNDA:0,(anonymous_21)
FNDA:0,(anonymous_22)
FNDA:0,(anonymous_23)
FNDA:0,(anonymous_24)
FNDA:0,(anonymous_25)
FNDA:0,(anonymous_26)
FNDA:0,(anonymous_27)
FNDA:0,(anonymous_28)
DA:8,1
DA:9,0
DA:10,0
DA:11,0
DA:13,0
DA:15,0
DA:17,0
DA:21,0
DA:23,0
DA:24,0
DA:26,0
DA:27,0
DA:28,0
DA:31,0
DA:35,0
DA:36,0
DA:38,0
DA:39,0
DA:40,0
DA:43,0
DA:47,0
DA:48,0
DA:50,0
DA:51,0
DA:52,0
DA:55,0
DA:59,0
DA:60,0
DA:62,0
DA:63,0
DA:64,0
DA:67,0
DA:71,0
DA:72,0
DA:73,0
DA:74,0
DA:77,0
DA:78,0
DA:79,0
DA:81,0
DA:89,0
DA:98,0
DA:106,0
DA:109,0
DA:115,0
DA:123,0
DA:125,0
DA:135,0
DA:136,0
DA:137,0
DA:138,0
DA:139,0
DA:140,0
DA:142,0
DA:146,0
DA:147,0
DA:148,0
DA:151,0
DA:200,0
DA:211,0
DA:224,0
DA:244,0
LF:62
LH:1
BRDA:31,0,0,0
BRDA:31,0,1,0
BRDA:43,1,0,0
BRDA:43,1,1,0
BRDA:55,2,0,0
BRDA:55,2,1,0
BRDA:67,3,0,0
BRDA:67,3,1,0
BRDA:72,4,0,0
BRDA:72,4,1,0
BRDA:73,5,0,0
BRDA:73,5,1,0
BRDA:79,6,0,0
BRDA:79,6,1,0
BRDA:79,6,2,0
BRDA:79,6,3,0
BRDA:137,7,0,0
BRDA:137,7,1,0
BRDA:156,8,0,0
BRDA:156,8,1,0
BRDA:156,8,2,0
BRDA:159,9,0,0
BRDA:159,9,1,0
BRDA:177,10,0,0
BRDA:177,10,1,0
BRDA:177,10,2,0
BRDA:181,11,0,0
BRDA:181,11,1,0
BRDA:196,12,0,0
BRDA:196,12,1,0
BRDA:199,13,0,0
BRDA:199,13,1,0
BRDA:207,14,0,0
BRDA:207,14,1,0
BRDA:210,15,0,0
BRDA:210,15,1,0
BRDA:220,16,0,0
BRDA:220,16,1,0
BRDA:223,17,0,0
BRDA:223,17,1,0
BRDA:233,18,0,0
BRDA:233,18,1,0
BRDA:234,19,0,0
BRDA:234,19,1,0
BRF:44
BRH:0
end_of_record
TN:
SF:src\components\RecommendedUser.jsx
FN:7,(anonymous_0)
FN:12,(anonymous_1)
FN:16,(anonymous_2)
FN:18,(anonymous_3)
FN:24,(anonymous_4)
FN:30,(anonymous_5)
FN:32,(anonymous_6)
FN:38,(anonymous_7)
FN:44,(anonymous_8)
FN:46,(anonymous_9)
FN:52,(anonymous_10)
FN:57,(anonymous_11)
FN:80,(anonymous_12)
FN:85,(anonymous_13)
FN:112,(anonymous_14)
FNF:15
FNH:2
FNDA:10,(anonymous_0)
FNDA:0,(anonymous_1)
FNDA:0,(anonymous_2)
FNDA:0,(anonymous_3)
FNDA:0,(anonymous_4)
FNDA:0,(anonymous_5)
FNDA:0,(anonymous_6)
FNDA:0,(anonymous_7)
FNDA:0,(anonymous_8)
FNDA:0,(anonymous_9)
FNDA:0,(anonymous_10)
FNDA:10,(anonymous_11)
FNDA:0,(anonymous_12)
FNDA:0,(anonymous_13)
FNDA:0,(anonymous_14)
DA:7,2
DA:8,10
DA:10,10
DA:12,0
DA:15,10
DA:17,0
DA:19,0
DA:20,0
DA:25,0
DA:29,10
DA:31,0
DA:33,0
DA:34,0
DA:39,0
DA:43,10
DA:45,0
DA:47,0
DA:48,0
DA:53,0
DA:57,10
DA:58,10
DA:59,0
DA:66,10
DA:68,0
DA:77,0
DA:80,0
DA:85,0
DA:92,0
DA:101,10
DA:112,10
DA:113,0
DA:114,0
DA:118,10
LF:33
LH:12
BRDA:25,0,0,0
BRDA:25,0,1,0
BRDA:39,1,0,0
BRDA:39,1,1,0
BRDA:53,2,0,0
BRDA:53,2,1,0
BRDA:58,3,0,0
BRDA:58,3,1,10
BRDA:66,4,0,0
BRDA:66,4,1,0
BRDA:66,4,2,0
BRDA:66,4,3,10
BRDA:113,5,0,0
BRDA:113,5,1,0
BRDA:124,6,0,10
BRDA:124,6,1,0
BRF:16
BRH:3
end_of_record
TN:
SF:src\components\Sidebar.jsx
FN:4,Sidebar
FNF:1
FNH:1
FNDA:10,Sidebar
DA:5,10
LF:1
LH:1
BRDA:11,0,0,10
BRDA:11,0,1,0
BRDA:16,1,0,10
BRDA:16,1,1,0
BRF:4
BRH:2
end_of_record
TN:
SF:src\components\SkillsSection.jsx
FN:4,(anonymous_0)
FN:9,(anonymous_1)
FN:16,(anonymous_2)
FN:17,(anonymous_3)
FN:20,(anonymous_4)
FN:29,(anonymous_5)
FN:36,(anonymous_6)
FN:50,(anonymous_7)
FN:73,(anonymous_8)
FNF:9
FNH:0
FNDA:0,(anonymous_0)
FNDA:0,(anonymous_1)
FNDA:0,(anonymous_2)
FNDA:0,(anonymous_3)
FNDA:0,(anonymous_4)
FNDA:0,(anonymous_5)
FNDA:0,(anonymous_6)
FNDA:0,(anonymous_7)
FNDA:0,(anonymous_8)
DA:4,1
DA:5,0
DA:6,0
DA:7,0
DA:9,0
DA:10,0
DA:11,0
DA:12,0
DA:16,0
DA:17,0
DA:20,0
DA:21,0
DA:22,0
DA:25,0
DA:30,0
DA:36,0
DA:50,0
DA:73,0
LF:18
LH:1
BRDA:6,0,0,0
BRDA:6,0,1,0
BRDA:10,1,0,0
BRDA:10,1,1,0
BRDA:10,2,0,0
BRDA:10,2,1,0
BRDA:35,3,0,0
BRDA:35,3,1,0
BRDA:44,4,0,0
BRDA:44,4,1,0
BRDA:62,5,0,0
BRDA:62,5,1,0
BRDA:64,6,0,0
BRDA:64,6,1,0
BRF:14
BRH:0
end_of_record
TN:
SF:src\components\UserCard.jsx
FN:3,UserCard
FNF:1
FNH:1
FNDA:13,UserCard
DA:4,13
LF:1
LH:1
BRDA:8,0,0,13
BRDA:8,0,1,1
BRDA:17,1,0,2
BRDA:17,1,1,11
BRF:4
BRH:4
end_of_record
TN:
SF:src\components\WishList.jsx
FN:6,(anonymous_0)
FN:10,(anonymous_1)
FN:13,(anonymous_2)
FN:17,(anonymous_3)
FN:24,(anonymous_4)
FN:40,(anonymous_5)
FN:71,(anonymous_6)
FN:80,(anonymous_7)
FNF:8
FNH:0
FNDA:0,(anonymous_0)
FNDA:0,(anonymous_1)
FNDA:0,(anonymous_2)
FNDA:0,(anonymous_3)
FNDA:0,(anonymous_4)
FNDA:0,(anonymous_5)
FNDA:0,(anonymous_6)
FNDA:0,(anonymous_7)
DA:6,1
DA:7,0
DA:9,0
DA:11,0
DA:14,0
DA:15,0
DA:18,0
DA:24,0
DA:25,0
DA:26,0
DA:28,0
DA:29,0
DA:38,0
DA:41,0
DA:42,0
DA:45,0
DA:49,0
DA:50,0
DA:56,0
DA:57,0
DA:69,0
DA:72,0
DA:80,0
LF:23
LH:1
BRDA:19,0,0,0
BRDA:19,0,1,0
BRDA:45,1,0,0
BRDA:45,1,1,0
BRDA:49,2,0,0
BRDA:49,2,1,0
BRDA:56,3,0,0
BRDA:56,3,1,0
BRDA:56,4,0,0
BRDA:56,4,1,0
BRDA:82,5,0,0
BRDA:82,5,1,0
BRF:12
BRH:0
end_of_record
TN:
SF:src\components\auth\LoginForm.jsx
FN:8,(anonymous_0)
FN:14,(anonymous_1)
FN:15,(anonymous_2)
FN:18,(anonymous_3)
FN:22,(anonymous_4)
FN:33,(anonymous_5)
FN:41,(anonymous_6)
FNF:7
FNH:3
FNDA:51,(anonymous_0)
FNDA:0,(anonymous_1)
FNDA:0,(anonymous_2)
FNDA:0,(anonymous_3)
FNDA:0,(anonymous_4)
FNDA:16,(anonymous_5)
FNDA:22,(anonymous_6)
DA:8,3
DA:9,51
DA:10,51
DA:11,51
DA:13,51
DA:14,0
DA:16,0
DA:19,0
DA:22,51
DA:23,0
DA:24,0
DA:27,51
DA:33,16
DA:41,22
LF:14
LH:9
BRDA:19,0,0,0
BRDA:19,0,1,0
BRDA:47,1,0,0
BRDA:47,1,1,51
BRF:4
BRH:1
end_of_record
TN:
SF:src\components\auth\SignUpForm.jsx
FN:7,(anonymous_0)
FN:16,(anonymous_1)
FN:20,(anonymous_2)
FN:24,(anonymous_3)
FN:29,(anonymous_4)
FN:40,(anonymous_5)
FN:48,(anonymous_6)
FN:56,(anonymous_7)
FN:64,(anonymous_8)
FNF:9
FNH:6
FNDA:97,(anonymous_0)
FNDA:0,(anonymous_1)
FNDA:0,(anonymous_2)
FNDA:0,(anonymous_3)
FNDA:1,(anonymous_4)
FNDA:16,(anonymous_5)
FNDA:14,(anonymous_6)
FNDA:32,(anonymous_7)
FNDA:22,(anonymous_8)
DA:7,3
DA:8,97
DA:9,97
DA:10,97
DA:11,97
DA:13,97
DA:15,97
DA:17,0
DA:18,0
DA:21,0
DA:22,0
DA:25,0
DA:29,97
DA:30,1
DA:31,1
DA:34,97
DA:40,16
DA:48,14
DA:56,32
DA:64,22
LF:20
LH:15
BRDA:25,0,0,0
BRDA:25,0,1,0
BRDA:70,1,0,0
BRDA:70,1,1,97
BRF:4
BRH:1
end_of_record
TN:
SF:src\components\layout\Layout.jsx
FN:3,(anonymous_0)
FNF:1
FNH:1
FNDA:12,(anonymous_0)
DA:3,2
DA:4,12
LF:2
LH:2
BRF:0
BRH:0
end_of_record
TN:
SF:src\components\layout\Navbar.jsx
FN:7,(anonymous_0)
FN:13,(anonymous_1)
FN:19,(anonymous_2)
FN:24,(anonymous_3)
FN:25,(anonymous_4)
FN:31,(anonymous_5)
FN:107,(anonymous_6)
FNF:7
FNH:1
FNDA:12,(anonymous_0)
FNDA:0,(anonymous_1)
FNDA:0,(anonymous_2)
FNDA:0,(anonymous_3)
FNDA:0,(anonymous_4)
FNDA:0,(anonymous_5)
FNDA:0,(anonymous_6)
DA:7,2
DA:8,12
DA:9,12
DA:11,12
DA:13,0
DA:17,12
DA:19,0
DA:23,12
DA:24,0
DA:26,0
DA:30,12
DA:31,0
DA:33,12
DA:35,12
DA:107,0
LF:15
LH:9
BRDA:52,0,0,12
BRDA:52,0,1,0
BRDA:68,1,0,12
BRDA:68,1,1,0
BRDA:81,2,0,12
BRDA:81,2,1,0
BRF:6
BRH:3
end_of_record
TN:
SF:src\lib\axios.js
FNF:0
FNH:0
DA:3,0
LF:1
LH:0
BRDA:4,0,0,0
BRDA:4,0,1,0
BRF:2
BRH:0
end_of_record
TN:
SF:src\pages\ContestPage.jsx
FN:2,(anonymous_0)
FNF:1
FNH:0
FNDA:0,(anonymous_0)
DA:2,1
DA:3,0
LF:2
LH:1
BRF:0
BRH:0
end_of_record
TN:
SF:src\pages\HomePage.jsx
FN:10,(anonymous_0)
FN:14,(anonymous_1)
FN:21,(anonymous_2)
FN:37,(anonymous_3)
FN:60,(anonymous_4)
FNF:5
FNH:3
FNDA:10,(anonymous_0)
FNDA:0,(anonymous_1)
FNDA:0,(anonymous_2)
FNDA:10,(anonymous_3)
FNDA:10,(anonymous_4)
DA:10,2
DA:11,10
DA:12,10
DA:15,0
DA:16,0
DA:19,10
DA:22,0
DA:23,0
DA:26,10
DA:38,10
DA:61,10
LF:11
LH:7
BRDA:41,0,0,10
BRDA:41,0,1,0
BRDA:56,1,0,10
BRDA:56,1,1,10
BRF:4
BRH:3
end_of_record
TN:
SF:src\pages\NetworkPage.jsx
FN:8,(anonymous_0)
FN:13,(anonymous_1)
FN:18,(anonymous_2)
FN:34,(anonymous_3)
FN:55,(anonymous_4)
FNF:5
FNH:0
FNDA:0,(anonymous_0)
FNDA:0,(anonymous_1)
FNDA:0,(anonymous_2)
FNDA:0,(anonymous_3)
FNDA:0,(anonymous_4)
DA:8,1
DA:9,0
DA:11,0
DA:13,0
DA:16,0
DA:18,0
DA:21,0
DA:35,0
DA:56,0
LF:9
LH:1
BRDA:30,0,0,0
BRDA:30,0,1,0
BRDA:51,1,0,0
BRDA:51,1,1,0
BRF:4
BRH:0
end_of_record
TN:
SF:src\pages\NotificationsPage.jsx
FN:16,(anonymous_0)
FN:23,(anonymous_1)
FN:27,(anonymous_2)
FN:28,(anonymous_3)
FN:34,(anonymous_4)
FN:35,(anonymous_5)
FN:41,(anonymous_6)
FN:55,(anonymous_7)
FN:90,(anonymous_8)
FN:127,(anonymous_9)
FN:171,(anonymous_10)
FN:179,(anonymous_11)
FNF:12
FNH:0
FNDA:0,(anonymous_0)
FNDA:0,(anonymous_1)
FNDA:0,(anonymous_2)
FNDA:0,(anonymous_3)
FNDA:0,(anonymous_4)
FNDA:0,(anonymous_5)
FNDA:0,(anonymous_6)
FNDA:0,(anonymous_7)
FNDA:0,(anonymous_8)
FNDA:0,(anonymous_9)
FNDA:0,(anonymous_10)
FNDA:0,(anonymous_11)
DA:16,1
DA:17,0
DA:19,0
DA:21,0
DA:23,0
DA:26,0
DA:27,0
DA:29,0
DA:33,0
DA:34,0
DA:36,0
DA:37,0
DA:41,0
DA:42,0
DA:44,0
DA:47,0
DA:49,0
DA:51,0
DA:55,0
DA:56,0
DA:58,0
DA:64,0
DA:75,0
DA:86,0
DA:90,0
DA:91,0
DA:93,0
DA:114,0
DA:128,0
DA:171,0
DA:180,0
LF:31
LH:1
BRDA:42,0,0,0
BRDA:42,0,1,0
BRDA:42,0,2,0
BRDA:42,0,3,0
BRDA:56,1,0,0
BRDA:56,1,1,0
BRDA:56,1,2,0
BRDA:56,1,3,0
BRDA:91,2,0,0
BRDA:91,2,1,0
BRDA:97,3,0,0
BRDA:97,3,1,0
BRDA:123,4,0,0
BRDA:123,4,1,0
BRDA:125,5,0,0
BRDA:125,5,1,0
BRDA:125,6,0,0
BRDA:125,6,1,0
BRDA:131,7,0,0
BRDA:131,7,1,0
BRDA:139,8,0,0
BRDA:139,8,1,0
BRDA:169,9,0,0
BRDA:169,9,1,0
BRF:24
BRH:0
end_of_record
TN:
SF:src\pages\PostPage.jsx
FN:7,(anonymous_0)
FN:13,(anonymous_1)
FNF:2
FNH:0
FNDA:0,(anonymous_0)
FNDA:0,(anonymous_1)
DA:7,1
DA:8,0
DA:9,0
DA:11,0
DA:13,0
DA:16,0
DA:17,0
DA:19,0
LF:8
LH:1
BRDA:16,0,0,0
BRDA:16,0,1,0
BRDA:17,1,0,0
BRDA:17,1,1,0
BRF:4
BRH:0
end_of_record
TN:
SF:src\pages\ProfilePage.jsx
FN:12,(anonymous_0)
FN:22,(anonymous_1)
FN:26,(anonymous_2)
FN:29,(anonymous_3)
FN:40,(anonymous_4)
FNF:5
FNH:0
FNDA:0,(anonymous_0)
FNDA:0,(anonymous_1)
FNDA:0,(anonymous_2)
FNDA:0,(anonymous_3)
FNDA:0,(anonymous_4)
DA:12,1
DA:13,0
DA:14,0
DA:16,0
DA:20,0
DA:22,0
DA:25,0
DA:27,0
DA:30,0
DA:31,0
DA:35,0
DA:37,0
DA:38,0
DA:40,0
DA:41,0
DA:44,0
LF:16
LH:1
BRDA:35,0,0,0
BRDA:35,0,1,0
BRDA:35,1,0,0
BRDA:35,1,1,0
BRDA:38,2,0,0
BRDA:38,2,1,0
BRF:6
BRH:0
end_of_record
TN:
SF:src\pages\auth\LoginPage.jsx
FN:5,(anonymous_0)
FNF:1
FNH:1
FNDA:5,(anonymous_0)
DA:5,2
DA:6,5
LF:2
LH:2
BRF:0
BRH:0
end_of_record
TN:
SF:src\pages\auth\SignUpPage.jsx
FN:4,(anonymous_0)
FNF:1
FNH:1
FNDA:5,(anonymous_0)
DA:4,2
DA:5,5
LF:2
LH:2
BRF:0
BRH:0
end_of_record
TN:
SF:src\utils\dateUtils.js
FN:3,(anonymous_0)
FNF:1
FNH:0
FNDA:0,(anonymous_0)
DA:3,1
DA:4,0
DA:5,0
LF:3
LH:1
BRDA:5,0,0,0
BRDA:5,0,1,0
BRF:2
BRH:0
end_of_record
